2026-02-08 11:07:04,687 [INFO] Activator:176 - 


2026-02-08 11:07:04,692 [INFO] Activator:177 - !SESSION log4j initialized
2026-02-08 11:07:08,796 [INFO] LogOutputStream:77 - [STDOUT_REDIRECT] 
2026-02-08 11:07:14,965 [INFO] ApplicationProperties:184 - Using Application install path: C:\ST\STM32CubeIDE_1.16.1\STM32CubeIDE\plugins\com.st.stm32cube.common.mx_6.12.1.202409122256
2026-02-08 11:07:14,983 [INFO] DbMcusXml:78 - Set database path to: C:\ST\STM32CubeIDE_1.16.1\STM32CubeIDE\plugins\com.st.stm32cube.common.mx_6.12.1.202409122256\\db\/mcu/
2026-02-08 11:07:14,984 [INFO] ApiDb:274 - Set plugin database path to: C:\ST\STM32CubeIDE_1.16.1\STM32CubeIDE\plugins\com.st.stm32cube.common.mx_6.12.1.202409122256\\db\/plugins/boardmanager/
2026-02-08 11:07:14,984 [WARN] ApiDb:259 - Overriding images path with different value:  => C:\ST\STM32CubeIDE_1.16.1\STM32CubeIDE\plugins\com.st.stm32cube.common.mx_6.12.1.202409122256\\db\/plugins/mcufinder/images/
2026-02-08 11:07:14,992 [INFO] ApiDb:250 - Set database path to: C:\Users\bahad\.stmcufinder\plugins\mcufinder//mcu/
2026-02-08 11:07:14,992 [INFO] DbMcusAds:125 - Set database path to: C:\Users\bahad\.stmcufinder\plugins\mcufinder//mcu/
2026-02-08 11:07:14,996 [INFO] CrossReferenceDbSqlite:203 - Set database path to: C:\Users\bahad\.stmcufinder\plugins\mcufinder//mcu/cs/
2026-02-08 11:07:15,082 [INFO] RulesReader:64 - Compatibility file has been processed (297 Rules)
2026-02-08 11:07:15,156 [INFO] DbMcusXml:78 - Set database path to: C:\ST\STM32CubeIDE_1.16.1\STM32CubeIDE\plugins\com.st.stm32cube.common.mx_6.12.1.202409122256\\db\/mcu/
2026-02-08 11:07:15,157 [INFO] ApiDb:274 - Set plugin database path to: C:\ST\STM32CubeIDE_1.16.1\STM32CubeIDE\plugins\com.st.stm32cube.common.mx_6.12.1.202409122256\\db\/plugins/boardmanager/
2026-02-08 11:07:15,157 [INFO] ApiDb:261 - Set plugin images path to: C:\ST\STM32CubeIDE_1.16.1\STM32CubeIDE\plugins\com.st.stm32cube.common.mx_6.12.1.202409122256\\db\/plugins/mcufinder/images/
2026-02-08 11:07:15,157 [WARN] DbFile:41 - Overriding database path with different value: C:\Users\bahad\.stmcufinder\plugins\mcufinder/ => C:\Users\bahad\.stmcufinder\plugins\mcufinder
2026-02-08 11:07:15,157 [INFO] ApiDb:250 - Set database path to: C:\Users\bahad\.stmcufinder\plugins\mcufinder//mcu/
2026-02-08 11:07:15,157 [WARN] DbFile:41 - Overriding database path with different value: C:\Users\bahad\.stmcufinder\plugins\mcufinder/ => C:\Users\bahad\.stmcufinder\plugins\mcufinder
2026-02-08 11:07:15,157 [INFO] DbMcusAds:125 - Set database path to: C:\Users\bahad\.stmcufinder\plugins\mcufinder//mcu/
2026-02-08 11:07:15,157 [WARN] DbFile:41 - Overriding database path with different value: C:\Users\bahad\.stmcufinder\plugins\mcufinder/ => C:\Users\bahad\.stmcufinder\plugins\mcufinder
2026-02-08 11:07:15,157 [WARN] DbFile:41 - Overriding database path with different value: C:\Users\bahad\.stmcufinder\plugins\mcufinder/ => C:\Users\bahad\.stmcufinder\plugins\mcufinder
2026-02-08 11:07:15,157 [INFO] CrossReferenceDbSqlite:203 - Set database path to: C:\Users\bahad\.stmcufinder\plugins\mcufinder//mcu/cs/
2026-02-08 11:07:15,229 [INFO] MainPanel:268 - HeapMemory: 268435456
2026-02-08 11:07:15,318 [INFO] DbMcusXml:78 - Set database path to: C:\ST\STM32CubeIDE_1.16.1\STM32CubeIDE\plugins\com.st.stm32cube.common.mx_6.12.1.202409122256\\db\/mcu/
2026-02-08 11:07:15,318 [INFO] ApiDb:274 - Set plugin database path to: C:\ST\STM32CubeIDE_1.16.1\STM32CubeIDE\plugins\com.st.stm32cube.common.mx_6.12.1.202409122256\\db\/plugins/boardmanager/
2026-02-08 11:07:15,318 [INFO] ApiDb:261 - Set plugin images path to: C:\ST\STM32CubeIDE_1.16.1\STM32CubeIDE\plugins\com.st.stm32cube.common.mx_6.12.1.202409122256\\db\/plugins/mcufinder/images/
2026-02-08 11:07:15,318 [WARN] DbFile:41 - Overriding database path with different value: C:\Users\bahad\.stmcufinder\plugins\mcufinder/ => C:\Users\bahad\.stmcufinder\plugins\mcufinder
2026-02-08 11:07:15,318 [INFO] ApiDb:250 - Set database path to: C:\Users\bahad\.stmcufinder\plugins\mcufinder//mcu/
2026-02-08 11:07:15,318 [WARN] DbFile:41 - Overriding database path with different value: C:\Users\bahad\.stmcufinder\plugins\mcufinder/ => C:\Users\bahad\.stmcufinder\plugins\mcufinder
2026-02-08 11:07:15,318 [INFO] DbMcusAds:125 - Set database path to: C:\Users\bahad\.stmcufinder\plugins\mcufinder//mcu/
2026-02-08 11:07:15,318 [WARN] DbFile:41 - Overriding database path with different value: C:\Users\bahad\.stmcufinder\plugins\mcufinder/ => C:\Users\bahad\.stmcufinder\plugins\mcufinder
2026-02-08 11:07:15,318 [WARN] DbFile:41 - Overriding database path with different value: C:\Users\bahad\.stmcufinder\plugins\mcufinder/ => C:\Users\bahad\.stmcufinder\plugins\mcufinder
2026-02-08 11:07:15,318 [INFO] CrossReferenceDbSqlite:203 - Set database path to: C:\Users\bahad\.stmcufinder\plugins\mcufinder//mcu/cs/
2026-02-08 11:07:15,340 [INFO] ApplicationProperties:184 - Using Application install path: C:\ST\STM32CubeIDE_1.16.1\STM32CubeIDE\plugins\com.st.stm32cube.common.mx_6.12.1.202409122256
2026-02-08 11:07:15,342 [INFO] PluginManage:196 - Search for loadable plugins [exclusion list=, ]
2026-02-08 11:07:15,343 [INFO] PluginManage:310 - Check plugin analytics
2026-02-08 11:07:20,508 [INFO] AnalyticsPlugin:253 - Accepted Software Licenses: STM32CubeMX.6.12.1
2026-02-08 11:07:20,508 [INFO] AnalyticsPlugin:255 - Accepted CMSIS Pack Licenses: 
2026-02-08 11:07:20,509 [INFO] AnalyticsPlugin:257 - Accepted Firmware Licenses: FW.F4.1.28.0
2026-02-08 11:07:20,510 [INFO] PluginManage:359 - Loaded plugin analytics (category:tool,tabindex:-1)
2026-02-08 11:07:20,510 [INFO] PluginManage:310 - Check plugin cadmodel
2026-02-08 11:07:20,517 [INFO] CADModel:105 - Init CAD model plugin
2026-02-08 11:07:20,518 [INFO] PluginManage:359 - Loaded plugin cadmodel (category:power,tabindex:5)
2026-02-08 11:07:20,518 [INFO] PluginManage:310 - Check plugin clock
2026-02-08 11:07:20,526 [INFO] PluginManage:359 - Loaded plugin clock (category:base,tabindex:2)
2026-02-08 11:07:20,526 [INFO] PluginManage:310 - Check plugin ddr
2026-02-08 11:07:20,528 [INFO] PluginManage:359 - Loaded plugin ddr (category:tool,tabindex:6)
2026-02-08 11:07:20,528 [INFO] PluginManage:310 - Check plugin filemanager
2026-02-08 11:07:20,668 [INFO] PluginManage:359 - Loaded plugin filemanager (category:base,tabindex:10)
2026-02-08 11:07:20,668 [INFO] PluginManage:310 - Check plugin ipmanager
2026-02-08 11:07:20,674 [INFO] PluginManage:359 - Loaded plugin ipmanager (category:base,tabindex:5)
2026-02-08 11:07:20,674 [INFO] PluginManage:310 - Check plugin lpbam
2026-02-08 11:07:20,683 [INFO] PluginManage:359 - Loaded plugin lpbam (category:base,tabindex:0)
2026-02-08 11:07:20,684 [INFO] PluginManage:310 - Check plugin memorymap
2026-02-08 11:07:20,697 [INFO] PluginManage:359 - Loaded plugin memorymap (category:base,tabindex:4)
2026-02-08 11:07:20,697 [INFO] PluginManage:310 - Check plugin pinoutandconfiguration
2026-02-08 11:07:20,705 [INFO] PluginManage:359 - Loaded plugin pinoutandconfiguration (category:base,tabindex:1)
2026-02-08 11:07:20,705 [INFO] PluginManage:310 - Check plugin pinoutconfig
2026-02-08 11:07:20,784 [WARN] SupportedApi:132 - Cannot load RTOS API schema: s4s-elt-must-match.1: The content of 'definitions' must match (annotation?, (simpleType | complexType)?, (unique | key | keyref)*)). A problem was found starting at: attribute.
2026-02-08 11:07:20,892 [INFO] PluginManage:359 - Loaded plugin pinoutconfig (category:base,tabindex:0)
2026-02-08 11:07:20,892 [INFO] PluginManage:310 - Check plugin power
2026-02-08 11:07:20,903 [INFO] PluginManage:359 - Loaded plugin power (category:power,tabindex:4)
2026-02-08 11:07:20,903 [INFO] PluginManage:310 - Check plugin projectmanager
2026-02-08 11:07:20,919 [INFO] PluginManage:359 - Loaded plugin projectmanager (category:projectmanager,tabindex:4)
2026-02-08 11:07:20,919 [INFO] PluginManage:310 - Check plugin rif
2026-02-08 11:07:20,923 [INFO] PluginManage:359 - Loaded plugin rif (category:base,tabindex:3)
2026-02-08 11:07:20,923 [INFO] PluginManage:310 - Check plugin thirdparty
2026-02-08 11:07:21,028 [INFO] PluginManage:359 - Loaded plugin thirdparty (category:base,tabindex:-1)
2026-02-08 11:07:21,028 [WARN] IntegrityCheckThread:84 - waiting for thirdparty lock release [integrity check]
2026-02-08 11:07:21,028 [INFO] PluginManage:310 - Check plugin tools
2026-02-08 11:07:21,028 [INFO] IntegrityCheckThread:86 - entering critical section [integrity check]
2026-02-08 11:07:21,029 [INFO] ThirdPartyUpdaterWithRetryManager:70 - Updater plugin not ready yet. [1/15]
2026-02-08 11:07:21,032 [INFO] PluginManage:359 - Loaded plugin tools (category:base,tabindex:7)
2026-02-08 11:07:21,032 [INFO] PluginManage:310 - Check plugin tutovideos
2026-02-08 11:07:21,174 [INFO] PluginManage:359 - Loaded plugin tutovideos (category:base,tabindex:-1)
2026-02-08 11:07:21,174 [INFO] PluginManage:310 - Check plugin updater
2026-02-08 11:07:21,191 [INFO] PluginManage:359 - Loaded plugin updater (category:base,tabindex:12)
2026-02-08 11:07:21,192 [INFO] PluginManage:310 - Check plugin userauth
2026-02-08 11:07:21,199 [INFO] UserAuth:113 - Init User Auth plugin
2026-02-08 11:07:21,200 [INFO] PluginManage:359 - Loaded plugin userauth (category:base,tabindex:14)
2026-02-08 11:07:21,200 [INFO] PluginManage:283 - PluginManage : Loaded plugins [18]
2026-02-08 11:07:21,403 [INFO] PinOutPanel:1561 - setPackage(No Configuration,No Configuration)
2026-02-08 11:07:21,481 [INFO] CADModel:165 - CPN selected for project level
2026-02-08 11:07:21,481 [INFO] CADModel:114 - Register for checkConnection events
2026-02-08 11:07:21,496 [INFO] IPUIPlugin:80 - create IPUIPlugin
2026-02-08 11:07:21,498 [INFO] PluginManager:220 - loadIPPluginJar : add adc
2026-02-08 11:07:21,500 [INFO] IPUIPlugin:80 - create IPUIPlugin
2026-02-08 11:07:21,500 [INFO] PluginManager:220 - loadIPPluginJar : add aes
2026-02-08 11:07:21,503 [INFO] IPUIPlugin:80 - create IPUIPlugin
2026-02-08 11:07:21,503 [INFO] PluginManager:220 - loadIPPluginJar : add can
2026-02-08 11:07:21,505 [INFO] IPUIPlugin:80 - create IPUIPlugin
2026-02-08 11:07:21,505 [INFO] PluginManager:220 - loadIPPluginJar : add comp
2026-02-08 11:07:21,507 [INFO] IPUIPlugin:80 - create IPUIPlugin
2026-02-08 11:07:21,507 [INFO] PluginManager:220 - loadIPPluginJar : add cryp
2026-02-08 11:07:21,510 [INFO] IPUIPlugin:80 - create IPUIPlugin
2026-02-08 11:07:21,510 [INFO] PluginManager:220 - loadIPPluginJar : add ddr_ctrl_phy
2026-02-08 11:07:21,512 [INFO] IPUIPlugin:80 - create IPUIPlugin
2026-02-08 11:07:21,512 [INFO] PluginManager:220 - loadIPPluginJar : add dfsdm
2026-02-08 11:07:21,517 [INFO] IPUIPlugin:80 - create IPUIPlugin
2026-02-08 11:07:21,518 [INFO] PluginManager:220 - loadIPPluginJar : add dma
2026-02-08 11:07:21,520 [INFO] IPUIPlugin:80 - create IPUIPlugin
2026-02-08 11:07:21,520 [INFO] PluginManager:220 - loadIPPluginJar : add dma3
2026-02-08 11:07:21,523 [INFO] IPUIPlugin:80 - create IPUIPlugin
2026-02-08 11:07:21,523 [INFO] PluginManager:220 - loadIPPluginJar : add extmemmanager
2026-02-08 11:07:21,524 [INFO] IPUIPlugin:80 - create IPUIPlugin
2026-02-08 11:07:21,524 [INFO] PluginManager:220 - loadIPPluginJar : add fatfs
2026-02-08 11:07:21,527 [INFO] IPUIPlugin:80 - create IPUIPlugin
2026-02-08 11:07:21,528 [INFO] PluginManager:220 - loadIPPluginJar : add fmc
2026-02-08 11:07:21,534 [INFO] IPUIPlugin:80 - create IPUIPlugin
2026-02-08 11:07:21,534 [INFO] PluginManager:220 - loadIPPluginJar : add freertos
2026-02-08 11:07:21,535 [INFO] IPUIPlugin:80 - create IPUIPlugin
2026-02-08 11:07:21,535 [INFO] PluginManager:220 - loadIPPluginJar : add genericplugin
2026-02-08 11:07:21,537 [INFO] IPUIPlugin:80 - create IPUIPlugin
2026-02-08 11:07:21,537 [INFO] PluginManager:220 - loadIPPluginJar : add gfxmmu
2026-02-08 11:07:21,541 [INFO] IPUIPlugin:80 - create IPUIPlugin
2026-02-08 11:07:21,541 [INFO] PluginManager:220 - loadIPPluginJar : add gic
2026-02-08 11:07:21,545 [INFO] IPUIPlugin:80 - create IPUIPlugin
2026-02-08 11:07:21,545 [INFO] PluginManager:220 - loadIPPluginJar : add gpio
2026-02-08 11:07:21,547 [INFO] IPUIPlugin:80 - create IPUIPlugin
2026-02-08 11:07:21,547 [INFO] PluginManager:220 - loadIPPluginJar : add gtzc
2026-02-08 11:07:21,549 [INFO] IPUIPlugin:80 - create IPUIPlugin
2026-02-08 11:07:21,549 [INFO] PluginManager:220 - loadIPPluginJar : add hash
2026-02-08 11:07:21,551 [INFO] IPUIPlugin:80 - create IPUIPlugin
2026-02-08 11:07:21,551 [INFO] PluginManager:220 - loadIPPluginJar : add i2c
2026-02-08 11:07:21,553 [INFO] IPUIPlugin:80 - create IPUIPlugin
2026-02-08 11:07:21,553 [INFO] PluginManager:220 - loadIPPluginJar : add i2s
2026-02-08 11:07:21,555 [INFO] IPUIPlugin:80 - create IPUIPlugin
2026-02-08 11:07:21,555 [INFO] PluginManager:220 - loadIPPluginJar : add i3c
2026-02-08 11:07:21,557 [INFO] IPUIPlugin:80 - create IPUIPlugin
2026-02-08 11:07:21,557 [INFO] PluginManager:220 - loadIPPluginJar : add ipddr
2026-02-08 11:07:21,566 [INFO] IPUIPlugin:80 - create IPUIPlugin
2026-02-08 11:07:21,566 [INFO] PluginManager:220 - loadIPPluginJar : add linkedlist
2026-02-08 11:07:21,570 [INFO] IPUIPlugin:80 - create IPUIPlugin
2026-02-08 11:07:21,570 [INFO] PluginManager:220 - loadIPPluginJar : add lorawan
2026-02-08 11:07:21,571 [INFO] IPUIPlugin:80 - create IPUIPlugin
2026-02-08 11:07:21,571 [INFO] PluginManager:220 - loadIPPluginJar : add ltdc
2026-02-08 11:07:21,577 [INFO] IPUIPlugin:80 - create IPUIPlugin
2026-02-08 11:07:21,577 [INFO] PluginManager:220 - loadIPPluginJar : add mdma
2026-02-08 11:07:21,581 [INFO] IPUIPlugin:80 - create IPUIPlugin
2026-02-08 11:07:21,581 [INFO] PluginManager:220 - loadIPPluginJar : add nvic
2026-02-08 11:07:21,583 [INFO] IPUIPlugin:80 - create IPUIPlugin
2026-02-08 11:07:21,584 [INFO] PluginManager:220 - loadIPPluginJar : add opamp
2026-02-08 11:07:21,587 [INFO] IPUIPlugin:80 - create IPUIPlugin
2026-02-08 11:07:21,587 [INFO] PluginManager:220 - loadIPPluginJar : add openamp
2026-02-08 11:07:21,589 [INFO] IPUIPlugin:80 - create IPUIPlugin
2026-02-08 11:07:21,589 [INFO] PluginManager:220 - loadIPPluginJar : add pdm2pcm
2026-02-08 11:07:21,595 [INFO] IPUIPlugin:80 - create IPUIPlugin
2026-02-08 11:07:21,597 [INFO] PluginManager:220 - loadIPPluginJar : add plateformsettings
2026-02-08 11:07:21,598 [INFO] IPUIPlugin:80 - create IPUIPlugin
2026-02-08 11:07:21,598 [INFO] PluginManager:220 - loadIPPluginJar : add quadspi
2026-02-08 11:07:21,600 [INFO] IPUIPlugin:80 - create IPUIPlugin
2026-02-08 11:07:21,601 [INFO] PluginManager:220 - loadIPPluginJar : add radio
2026-02-08 11:07:21,604 [INFO] IPUIPlugin:80 - create IPUIPlugin
2026-02-08 11:07:21,604 [INFO] PluginManager:220 - loadIPPluginJar : add resmgrutility
2026-02-08 11:07:21,607 [INFO] IPUIPlugin:80 - create IPUIPlugin
2026-02-08 11:07:21,607 [INFO] PluginManager:220 - loadIPPluginJar : add sai
2026-02-08 11:07:21,610 [INFO] IPUIPlugin:80 - create IPUIPlugin
2026-02-08 11:07:21,610 [INFO] PluginManager:220 - loadIPPluginJar : add spi
2026-02-08 11:07:21,614 [INFO] IPUIPlugin:80 - create IPUIPlugin
2026-02-08 11:07:21,614 [INFO] PluginManager:220 - loadIPPluginJar : add stm32_wpan
2026-02-08 11:07:21,616 [INFO] IPUIPlugin:80 - create IPUIPlugin
2026-02-08 11:07:21,616 [INFO] PluginManager:220 - loadIPPluginJar : add tim
2026-02-08 11:07:21,619 [INFO] IPUIPlugin:80 - create IPUIPlugin
2026-02-08 11:07:21,619 [INFO] PluginManager:220 - loadIPPluginJar : add touchsensing
2026-02-08 11:07:21,621 [INFO] IPUIPlugin:80 - create IPUIPlugin
2026-02-08 11:07:21,621 [INFO] PluginManager:220 - loadIPPluginJar : add tracer_emb
2026-02-08 11:07:21,623 [INFO] IPUIPlugin:80 - create IPUIPlugin
2026-02-08 11:07:21,623 [INFO] PluginManager:220 - loadIPPluginJar : add ts
2026-02-08 11:07:21,624 [INFO] IPUIPlugin:80 - create IPUIPlugin
2026-02-08 11:07:21,624 [INFO] PluginManager:220 - loadIPPluginJar : add tsc
2026-02-08 11:07:21,626 [INFO] IPUIPlugin:80 - create IPUIPlugin
2026-02-08 11:07:21,626 [INFO] PluginManager:220 - loadIPPluginJar : add ucpd
2026-02-08 11:07:21,628 [INFO] IPUIPlugin:80 - create IPUIPlugin
2026-02-08 11:07:21,628 [INFO] PluginManager:220 - loadIPPluginJar : add usart
2026-02-08 11:07:21,630 [INFO] IPUIPlugin:80 - create IPUIPlugin
2026-02-08 11:07:21,630 [INFO] PluginManager:220 - loadIPPluginJar : add usbx
2026-02-08 11:07:21,746 [INFO] CADModel:165 - CPN selected for project level
2026-02-08 11:07:21,746 [INFO] CADModel:114 - Register for checkConnection events
2026-02-08 11:07:21,746 [FATAL] Updater:334 - Updater called before beeing initialized
2026-02-08 11:07:21,746 [ERROR] CADModel:125 - Updater not yet initialized, retry later 
2026-02-08 11:07:21,860 [INFO] CADModel:165 - CPN selected for project level
2026-02-08 11:07:21,860 [INFO] CADModel:114 - Register for checkConnection events
2026-02-08 11:07:21,860 [FATAL] Updater:334 - Updater called before beeing initialized
2026-02-08 11:07:21,860 [ERROR] CADModel:125 - Updater not yet initialized, retry later 
2026-02-08 11:07:21,864 [FATAL] Updater:334 - Updater called before beeing initialized
2026-02-08 11:07:21,955 [FATAL] Updater:334 - Updater called before beeing initialized
2026-02-08 11:07:21,959 [INFO] DbMcusAds:53 - JSON generation date=Thu Jan 08 16:57:51 CET 2026 (1767887871456)
2026-02-08 11:07:21,960 [FATAL] Updater:334 - Updater called before beeing initialized
2026-02-08 11:07:21,993 [WARN] DetailPanel:346 - Failed to get advertising image, set to default
2026-02-08 11:07:22,067 [FATAL] Updater:334 - Updater called before beeing initialized
2026-02-08 11:07:22,069 [FATAL] Updater:334 - Updater called before beeing initialized
2026-02-08 11:07:22,069 [FATAL] Updater:334 - Updater called before beeing initialized
2026-02-08 11:07:22,069 [WARN] DetailPanel:346 - Failed to get advertising image, set to default
2026-02-08 11:07:22,069 [FATAL] Updater:334 - Updater called before beeing initialized
2026-02-08 11:07:22,112 [ERROR] Updater:1164 - MainUpdater not yet initialized. External WinMGr cannot be set.
2026-02-08 11:07:22,114 [INFO] Updater:1100 - Updater Version found : 6.12.1
2026-02-08 11:07:22,134 [INFO] ApplicationProperties:184 - Using Application install path: C:\ST\STM32CubeIDE_1.16.1\STM32CubeIDE\plugins\com.st.stm32cube.common.mx_6.12.1.202409122256
2026-02-08 11:07:23,746 [ERROR] LogOutputStream:75 - [STDERR_REDIRECT] Feb 08, 2026 11:07:23 AM java.util.prefs.WindowsPreferences <init>
2026-02-08 11:07:23,747 [ERROR] LogOutputStream:75 - [STDERR_REDIRECT] WARNING: Could not open/create prefs root node Software\JavaSoft\Prefs at root 0xffffffff80000002. Windows RegCreateKeyEx(...) returned error code 5.
2026-02-08 11:07:23,747 [ERROR] LogOutputStream:75 - [STDERR_REDIRECT] 
2026-02-08 11:07:24,036 [INFO] ThirdPartyUpdaterWithRetryManager:70 - Updater plugin not ready yet. [2/15]
2026-02-08 11:07:24,135 [INFO] MainUpdater:2873 - connection check result : 10
2026-02-08 11:07:24,135 [INFO] MainUpdater:3567 - Updater definition file requires update
2026-02-08 11:07:24,136 [INFO] MainUpdater:290 - Updater Check For Update Now.
2026-02-08 11:07:24,136 [INFO] MicroXplorer:498 - Change Database Version : DB.6.0.121
2026-02-08 11:07:24,141 [INFO] McuFinderGlobals:63 - Set McuFinder mode to 2 (CubeIDE integrated)
2026-02-08 11:07:24,141 [INFO] UserAuth:179 - activating auth plugin
2026-02-08 11:07:24,142 [INFO] UserAuth:417 - Internet connection configuration mode: 1
2026-02-08 11:07:24,156 [INFO] JxBrowserEngine:152 - Initiate JxBrowser Engine with user profile folder
2026-02-08 11:07:24,268 [INFO] ServerAccessManage:473 - Download File updaters.zip
2026-02-08 11:07:24,401 [INFO] FileExtend:240 - Unzip File : updaters.zip
2026-02-08 11:07:24,401 [INFO] FileExtend:255 - Standard Zip Deflate
2026-02-08 11:07:24,988 [INFO] ServerAccessManage:473 - Download File PacksControlFlags.xml
2026-02-08 11:07:25,039 [INFO] WebApp:167 - Instantiating new browser for Auth
2026-02-08 11:07:25,126 [INFO] ServerAccessManage:473 - Download File cubemx.pidx
2026-02-08 11:07:25,289 [INFO] LoadServerUpdatesThread:375 - End of LoadServerUpdate Thread
2026-02-08 11:07:25,481 [INFO] CheckServerUpdateThread:120 - End of CheckServer Thread
2026-02-08 11:07:25,874 [INFO] WebApp:448 - Apply proxy settings
2026-02-08 11:07:25,875 [INFO] WebApp:533 - Chromium requires no authentication
2026-02-08 11:07:25,890 [INFO] WebApp:476 - Direct internet connection detected
2026-02-08 11:07:25,926 [INFO] WebApp:869 - Register for checkConnection events
2026-02-08 11:07:25,926 [INFO] WebApp:448 - Apply proxy settings
2026-02-08 11:07:25,926 [INFO] WebApp:533 - Chromium requires no authentication
2026-02-08 11:07:25,926 [INFO] WebApp:476 - Direct internet connection detected
2026-02-08 11:07:26,108 [INFO] WebApp:220 - Starting web application
2026-02-08 11:07:26,109 [INFO] WebApp:578 - Web application path used C:\ST\STM32CubeIDE_1.16.1\STM32CubeIDE\plugins\com.st.stm32cube.common.mx_6.12.1.202409122256\db\plugins\mcufinder\reactClient1\index.html
2026-02-08 11:07:26,258 [INFO] WebApp:186 - Connection restablished
2026-02-08 11:07:27,339 [WARN] PackLoader:240 - Cannot read IP mode file for STMicroelectronics.FP-SNS-MOTENVWB1.1.4.0
2026-02-08 11:07:27,347 [WARN] PackLoader:240 - Cannot read IP mode file for STMicroelectronics.FP-ATR-ASTRA1.2.0.2
2026-02-08 11:07:27,350 [WARN] PackLoader:240 - Cannot read IP mode file for STMicroelectronics.FP-ATR-ASTRA1.2.0.1
2026-02-08 11:07:27,360 [WARN] PackLoader:240 - Cannot read IP mode file for STMicroelectronics.X-CUBE-SMBUS.2.1.0
2026-02-08 11:07:27,369 [WARN] PackLoader:240 - Cannot read IP mode file for STMicroelectronics.X-CUBE-WB05N.1.1.0
2026-02-08 11:07:27,375 [ERROR] Engine:466 - C:\Users\bahad\.stm32cubemx\thirdparties\pdsc\STMicroelectronics.X-CUBE-ST60.1.0.0.pdsc: PDSC version is not supported
2026-02-08 11:07:27,402 [WARN] PackLoader:240 - Cannot read IP mode file for STMicroelectronics.X-CUBE-AZRTOS-F7.1.1.0
2026-02-08 11:07:27,476 [WARN] PackLoader:240 - Cannot read IP mode file for STMicroelectronics.X-CUBE-MEMS1.11.0.0
2026-02-08 11:07:27,629 [ERROR] Engine:466 - C:\Users\bahad\.stm32cubemx\thirdparties\pdsc\STMicroelectronics.FP-SNS-MOTENV1.5.1.0.pdsc: PDSC version is not supported
2026-02-08 11:07:27,635 [WARN] PackLoader:240 - Cannot read IP mode file for STMicroelectronics.FP-SNS-FLIGHT1.5.0.2
2026-02-08 11:07:27,656 [WARN] PackLoader:240 - Cannot read IP mode file for Infineon.AIROC-Wi-Fi-Bluetooth-STM32.1.7.0
2026-02-08 11:07:27,683 [WARN] PackLoader:240 - Cannot read IP mode file for STMicroelectronics.X-CUBE-AZRTOS-H7.3.4.0
2026-02-08 11:07:27,695 [WARN] PackLoader:240 - Cannot read IP mode file for STMicroelectronics.X-CUBE-DISPLAY.3.0.0
2026-02-08 11:07:27,705 [WARN] PackLoader:240 - Cannot read IP mode file for STMicroelectronics.X-CUBE-BLE1.7.0.0
2026-02-08 11:07:27,714 [WARN] PackLoader:240 - Cannot read IP mode file for STMicroelectronics.X-CUBE-NFC10.1.0.0
2026-02-08 11:07:27,726 [WARN] PackLoader:240 - Cannot read IP mode file for STMicroelectronics.X-CUBE-BLEMGR.4.0.0
2026-02-08 11:07:27,735 [ERROR] Engine:466 - C:\Users\bahad\.stm32cubemx\thirdparties\pdsc\STMicroelectronics.X-CUBE-ST60.1.1.0.pdsc: PDSC version is not supported
2026-02-08 11:07:27,745 [WARN] PackLoader:240 - Cannot read IP mode file for emotas.I-CUBE-CANOPEN.1.3.0
2026-02-08 11:07:27,751 [WARN] PackLoader:240 - Cannot read IP mode file for STMicroelectronics.X-CUBE-GNSS1.7.1.0
2026-02-08 11:07:27,758 [WARN] PackLoader:240 - Cannot read IP mode file for STMicroelectronics.X-CUBE-AI.10.0.0
2026-02-08 11:07:27,762 [ERROR] Engine:466 - C:\Users\bahad\.stm32cubemx\thirdparties\pdsc\STMicroelectronics.FP-SNS-STBOX1.2.1.0.pdsc: PDSC version is not supported
2026-02-08 11:07:27,767 [WARN] PackLoader:240 - Cannot read IP mode file for STMicroelectronics.FP-SNS-SMARTAG2.1.2.0
2026-02-08 11:07:27,771 [ERROR] Engine:466 - C:\Users\bahad\.stm32cubemx\thirdparties\pdsc\STMicroelectronics.FP-SNS-FLIGHT1.5.1.0.pdsc: PDSC version is not supported
2026-02-08 11:07:27,815 [WARN] PackLoader:240 - Cannot read IP mode file for STMicroelectronics.X-CUBE-MEMS1.11.1.0
2026-02-08 11:07:27,925 [INFO] LogOutputStream:77 - [STDOUT_REDIRECT] 1 : Invalid condition id : UX_CORESTACK_Condition cause : null
2026-02-08 11:07:27,927 [INFO] LogOutputStream:77 - [STDOUT_REDIRECT] 1 : Invalid condition id : UX_CORESTACK_Condition cause : null
2026-02-08 11:07:27,928 [INFO] LogOutputStream:77 - [STDOUT_REDIRECT] 1 : Invalid condition id : UX_CORESTACK_Condition cause : null
2026-02-08 11:07:27,928 [INFO] LogOutputStream:77 - [STDOUT_REDIRECT] 1 : Invalid condition id : UX_CORESTACK_Condition cause : null
2026-02-08 11:07:27,929 [INFO] LogOutputStream:77 - [STDOUT_REDIRECT] 1 : Invalid condition id : UX_CORESTACK_Condition cause : null
2026-02-08 11:07:27,931 [WARN] PackLoader:240 - Cannot read IP mode file for STMicroelectronics.X-CUBE-AZRTOS-WL.2.0.0
2026-02-08 11:07:27,938 [WARN] PackLoader:240 - Cannot read IP mode file for STMicroelectronics.FP-SNS-MOTENV1.5.0.0
2026-02-08 11:07:27,959 [WARN] PackLoader:240 - Cannot read IP mode file for STMicroelectronics.X-CUBE-AZRTOS-H7RS.1.2.0
2026-02-08 11:07:27,970 [WARN] PackLoader:240 - Cannot read IP mode file for wolfSSL.I-CUBE-wolfMQTT.1.19.0
2026-02-08 11:07:27,980 [WARN] PackLoader:240 - Cannot read IP mode file for WES.I-CUBE-Cesium.1.3.0
2026-02-08 11:07:27,986 [WARN] PackLoader:240 - Cannot read IP mode file for STMicroelectronics.X-CUBE-BLE2.3.3.0
2026-02-08 11:07:27,988 [ERROR] Engine:466 - C:\Users\bahad\.stm32cubemx\thirdparties\pdsc\Avnet-IOTCONNECT.X-CUBE-iotc-st67-sdk.1.0.0.pdsc: PDSC version is not supported
2026-02-08 11:07:27,993 [WARN] PackLoader:240 - Cannot read IP mode file for STMicroelectronics.X-CUBE-NFC9.1.0.0
2026-02-08 11:07:27,998 [WARN] PackLoader:240 - Cannot read IP mode file for STMicroelectronics.X-CUBE-BLE1.7.1.0
2026-02-08 11:07:28,005 [WARN] PackLoader:240 - Cannot read IP mode file for STMicroelectronics.X-CUBE-TCPP.4.1.0
2026-02-08 11:07:28,011 [ERROR] Engine:466 - C:\Users\bahad\.stm32cubemx\thirdparties\pdsc\STMicroelectronics.X-CUBE-FREERTOS.1.4.0.pdsc: PDSC version is not supported
2026-02-08 11:07:28,018 [WARN] PackLoader:240 - Cannot read IP mode file for STMicroelectronics.X-CUBE-EEPRMA1.5.2.0
2026-02-08 11:07:28,026 [ERROR] Engine:466 - C:\Users\bahad\.stm32cubemx\thirdparties\pdsc\STMicroelectronics.X-CUBE-ST67W61.1.1.0.pdsc: PDSC version is not supported
2026-02-08 11:07:28,031 [WARN] PackLoader:240 - Cannot read IP mode file for STMicroelectronics.X-CUBE-AI.10.1.0
2026-02-08 11:07:28,083 [WARN] PackLoader:240 - Cannot read IP mode file for STMicroelectronics.X-CUBE-MEMS1.12.0.0
2026-02-08 11:07:28,239 [WARN] PackLoader:240 - Cannot read IP mode file for STMicroelectronics.X-CUBE-MEMS1.11.2.0
2026-02-08 11:07:28,361 [WARN] PackLoader:240 - Cannot read IP mode file for STMicroelectronics.X-CUBE-AZRTOS-G0.1.1.0
2026-02-08 11:07:28,371 [WARN] PackLoader:240 - Cannot read IP mode file for STMicroelectronics.X-CUBE-SAFEA1.1.2.2
2026-02-08 11:07:28,382 [WARN] PackLoader:240 - Cannot read IP mode file for STMicroelectronics.X-CUBE-NFC4.3.0.0
2026-02-08 11:07:28,399 [WARN] PackLoader:240 - Cannot read IP mode file for EmbeddedOffice.I-CUBE-FS-RTOS.1.0.1
2026-02-08 11:07:28,400 [ERROR] ConditionMgr:805 - Attr not supported : Dmpu
2026-02-08 11:07:28,400 [ERROR] ConditionMgr:805 - Attr not supported : Dmpu
2026-02-08 11:07:28,400 [ERROR] ConditionMgr:805 - Attr not supported : Dmpu
2026-02-08 11:07:28,400 [ERROR] ConditionMgr:805 - Attr not supported : Dmpu
2026-02-08 11:07:28,400 [ERROR] ConditionMgr:805 - Attr not supported : Dmpu
2026-02-08 11:07:28,400 [ERROR] ConditionMgr:805 - Attr not supported : Dmpu
2026-02-08 11:07:28,400 [ERROR] ConditionMgr:805 - Attr not supported : Dmpu
2026-02-08 11:07:28,400 [ERROR] ConditionMgr:805 - Attr not supported : Dmpu
2026-02-08 11:07:28,401 [ERROR] ConditionMgr:805 - Attr not supported : Dmpu
2026-02-08 11:07:28,401 [ERROR] ConditionMgr:805 - Attr not supported : Dmpu
2026-02-08 11:07:28,401 [ERROR] ConditionMgr:805 - Attr not supported : Dmpu
2026-02-08 11:07:28,401 [ERROR] ConditionMgr:805 - Attr not supported : Dmpu
2026-02-08 11:07:28,401 [ERROR] ConditionMgr:805 - Attr not supported : Dmpu
2026-02-08 11:07:28,401 [ERROR] ConditionMgr:805 - Attr not supported : Dmpu
2026-02-08 11:07:28,401 [ERROR] ConditionMgr:805 - Attr not supported : Dmpu
2026-02-08 11:07:28,401 [ERROR] ConditionMgr:805 - Attr not supported : Dmpu
2026-02-08 11:07:28,402 [ERROR] ConditionMgr:805 - Attr not supported : Dmpu
2026-02-08 11:07:28,402 [ERROR] ConditionMgr:805 - Attr not supported : Dmpu
2026-02-08 11:07:28,402 [ERROR] ConditionMgr:805 - Attr not supported : Dmpu
2026-02-08 11:07:28,402 [ERROR] ConditionMgr:805 - Attr not supported : Dmpu
2026-02-08 11:07:28,402 [ERROR] ConditionMgr:805 - Attr not supported : Dmpu
2026-02-08 11:07:28,402 [ERROR] ConditionMgr:805 - Attr not supported : Dmpu
2026-02-08 11:07:28,402 [ERROR] ConditionMgr:805 - Attr not supported : Dmpu
2026-02-08 11:07:28,402 [ERROR] ConditionMgr:805 - Attr not supported : Dmpu
2026-02-08 11:07:28,402 [ERROR] ConditionMgr:805 - Attr not supported : Dmpu
2026-02-08 11:07:28,402 [ERROR] ConditionMgr:805 - Attr not supported : Dmpu
2026-02-08 11:07:28,402 [ERROR] ConditionMgr:805 - Attr not supported : Dmpu
2026-02-08 11:07:28,402 [ERROR] ConditionMgr:805 - Attr not supported : Dmpu
2026-02-08 11:07:28,402 [ERROR] ConditionMgr:805 - Attr not supported : Dmpu
2026-02-08 11:07:28,402 [ERROR] ConditionMgr:805 - Attr not supported : Dmpu
2026-02-08 11:07:28,402 [ERROR] ConditionMgr:805 - Attr not supported : Dmpu
2026-02-08 11:07:28,402 [ERROR] ConditionMgr:805 - Attr not supported : Dmpu
2026-02-08 11:07:28,402 [ERROR] ConditionMgr:805 - Attr not supported : Dmpu
2026-02-08 11:07:28,402 [ERROR] ConditionMgr:805 - Attr not supported : Dmpu
2026-02-08 11:07:28,402 [ERROR] ConditionMgr:805 - Attr not supported : Dmpu
2026-02-08 11:07:28,402 [ERROR] ConditionMgr:805 - Attr not supported : Dmpu
2026-02-08 11:07:28,402 [ERROR] ConditionMgr:805 - Attr not supported : Dmpu
2026-02-08 11:07:28,402 [ERROR] ConditionMgr:805 - Attr not supported : Dmpu
2026-02-08 11:07:28,404 [ERROR] ConditionMgr:805 - Attr not supported : Dmpu
2026-02-08 11:07:28,404 [ERROR] ConditionMgr:805 - Attr not supported : Dmpu
2026-02-08 11:07:28,404 [ERROR] ConditionMgr:805 - Attr not supported : Dmpu
2026-02-08 11:07:28,404 [ERROR] ConditionMgr:805 - Attr not supported : Dmpu
2026-02-08 11:07:28,404 [ERROR] ConditionMgr:805 - Attr not supported : Dmpu
2026-02-08 11:07:28,404 [ERROR] ConditionMgr:805 - Attr not supported : Dmpu
2026-02-08 11:07:28,404 [ERROR] ConditionMgr:805 - Attr not supported : Dmpu
2026-02-08 11:07:28,404 [ERROR] ConditionMgr:805 - Attr not supported : Dmpu
2026-02-08 11:07:28,404 [ERROR] ConditionMgr:805 - Attr not supported : Dmpu
2026-02-08 11:07:28,404 [ERROR] ConditionMgr:805 - Attr not supported : Dmpu
2026-02-08 11:07:28,404 [ERROR] ConditionMgr:805 - Attr not supported : Dmpu
2026-02-08 11:07:28,404 [ERROR] ConditionMgr:805 - Attr not supported : Dmpu
2026-02-08 11:07:28,404 [ERROR] ConditionMgr:805 - Attr not supported : Dmpu
2026-02-08 11:07:28,404 [ERROR] ConditionMgr:805 - Attr not supported : Dmpu
2026-02-08 11:07:28,404 [ERROR] ConditionMgr:805 - Attr not supported : Dmpu
2026-02-08 11:07:28,404 [ERROR] ConditionMgr:805 - Attr not supported : Dmpu
2026-02-08 11:07:28,404 [ERROR] ConditionMgr:805 - Attr not supported : Dmpu
2026-02-08 11:07:28,404 [ERROR] ConditionMgr:805 - Attr not supported : Dmpu
2026-02-08 11:07:28,404 [ERROR] ConditionMgr:805 - Attr not supported : Dmpu
2026-02-08 11:07:28,404 [ERROR] ConditionMgr:805 - Attr not supported : Dmpu
2026-02-08 11:07:28,405 [ERROR] ConditionMgr:805 - Attr not supported : Dmpu
2026-02-08 11:07:28,405 [ERROR] ConditionMgr:805 - Attr not supported : Dmpu
2026-02-08 11:07:28,405 [ERROR] ConditionMgr:805 - Attr not supported : Dmpu
2026-02-08 11:07:28,405 [ERROR] ConditionMgr:805 - Attr not supported : Dmpu
2026-02-08 11:07:28,405 [ERROR] ConditionMgr:805 - Attr not supported : Dmpu
2026-02-08 11:07:28,405 [ERROR] ConditionMgr:805 - Attr not supported : Dmpu
2026-02-08 11:07:28,411 [WARN] PackLoader:240 - Cannot read IP mode file for STMicroelectronics.X-CUBE-WB05N.2.0.0
2026-02-08 11:07:28,420 [ERROR] Engine:466 - C:\Users\bahad\.stm32cubemx\thirdparties\pdsc\STMicroelectronics.X-CUBE-TCPP.4.2.0.pdsc: PDSC version is not supported
2026-02-08 11:07:28,428 [WARN] PackLoader:240 - Cannot read IP mode file for RealThread.X-CUBE-RT-Thread_Nano.4.1.1
2026-02-08 11:07:28,434 [WARN] PackLoader:240 - Cannot read IP mode file for STMicroelectronics.FP-ATR-SIGFOX1.3.2.0
2026-02-08 11:07:28,441 [WARN] ConditionMgr:438 - getConditionDescription Invalid condition id : Cortex-A Device cause : null
2026-02-08 11:07:28,461 [WARN] ConditionMgr:1039 - genDependencies : Invalid condition id : Cortex-A Device cause : null
2026-02-08 11:07:28,463 [WARN] ConditionMgr:1039 - genDependencies : Invalid condition id : Cortex-A Device cause : null
2026-02-08 11:07:28,463 [WARN] ConditionMgr:1039 - genDependencies : Invalid condition id : Cortex-A Device cause : null
2026-02-08 11:07:28,471 [WARN] PackLoader:240 - Cannot read IP mode file for STMicroelectronics.X-CUBE-EEPRMA1.5.1.0
2026-02-08 11:07:28,479 [WARN] PackLoader:240 - Cannot read IP mode file for wolfSSL.I-CUBE-wolfSSL.5.7.4
2026-02-08 11:07:28,488 [WARN] PackLoader:240 - Cannot read IP mode file for ITTIA_DB.I-CUBE-ITTIADB.8.9.0
2026-02-08 11:07:28,498 [WARN] PackLoader:240 - Cannot read IP mode file for STMicroelectronics.X-CUBE-NFC6.3.2.0
2026-02-08 11:07:28,502 [ERROR] Engine:466 - C:\Users\bahad\.stm32cubemx\thirdparties\pdsc\STMicroelectronics.X-CUBE-ST67W61.1.0.0.pdsc: PDSC version is not supported
2026-02-08 11:07:28,508 [WARN] PackLoader:240 - Cannot read IP mode file for STMicroelectronics.X-CUBE-AI.10.2.0
2026-02-08 11:07:28,538 [WARN] PackLoader:240 - Cannot read IP mode file for SEGGER.I-CUBE-embOS.1.3.1
2026-02-08 11:07:28,579 [WARN] PackLoader:240 - Cannot read IP mode file for STMicroelectronics.X-CUBE-ALGOBUILD.1.4.0
2026-02-08 11:07:28,629 [WARN] PackLoader:240 - Cannot read IP mode file for STMicroelectronics.X-CUBE-MEMS1.11.3.0
2026-02-08 11:07:28,767 [WARN] PackLoader:240 - Cannot read IP mode file for STMicroelectronics.X-CUBE-AI.9.1.0
2026-02-08 11:07:28,796 [WARN] PackLoader:240 - Cannot read IP mode file for STMicroelectronics.X-CUBE-PM33A1.1.0.0
2026-02-08 11:07:28,810 [WARN] PackLoader:240 - Cannot read IP mode file for STMicroelectronics.X-CUBE-AZRTOS-F4.1.1.0
2026-02-08 11:07:28,815 [ERROR] Engine:466 - C:\Users\bahad\.stm32cubemx\thirdparties\pdsc\Avnet-IotConnect.X-CUBE-IoTC-DA16k-PMOD.1.0.0.pdsc: PDSC version is not supported
2026-02-08 11:07:28,827 [WARN] PackLoader:240 - Cannot read IP mode file for STMicroelectronics.X-CUBE-ISPU.2.1.0
2026-02-08 11:07:28,834 [ERROR] Engine:466 - C:\Users\bahad\.stm32cubemx\thirdparties\pdsc\STMicroelectronics.X-CUBE-IPS.3.2.0.pdsc: PDSC version is not supported
2026-02-08 11:07:28,842 [WARN] PackLoader:240 - Cannot read IP mode file for STMicroelectronics.X-CUBE-FREERTOS.1.2.0
2026-02-08 11:07:28,848 [WARN] PackLoader:240 - Cannot read IP mode file for STMicroelectronics.X-CUBE-NFC12.1.0.0
2026-02-08 11:07:28,859 [WARN] PackLoader:240 - Cannot read IP mode file for STMicroelectronics.X-CUBE-AZRTOS-L5.2.0.0
2026-02-08 11:07:28,870 [WARN] PackLoader:240 - Cannot read IP mode file for STMicroelectronics.X-CUBE-NFC6.3.1.0
2026-02-08 11:07:28,878 [WARN] PackLoader:240 - Cannot read IP mode file for STMicroelectronics.X-CUBE-DPower.1.2.0
2026-02-08 11:07:28,884 [WARN] PackLoader:240 - Cannot read IP mode file for STMicroelectronics.X-CUBE-FREERTOS.1.3.1
2026-02-08 11:07:28,893 [WARN] PackLoader:240 - Cannot read IP mode file for STMicroelectronics.X-CUBE-FREERTOS.1.3.0
2026-02-08 11:07:28,899 [WARN] PackLoader:240 - Cannot read IP mode file for STMicroelectronics.X-CUBE-NFC7.1.0.1
2026-02-08 11:07:28,908 [WARN] PackLoader:240 - Cannot read IP mode file for STMicroelectronics.X-CUBE-TOUCHGFX.4.26.0
2026-02-08 11:07:28,911 [ERROR] Engine:466 - C:\Users\bahad\.stm32cubemx\thirdparties\pdsc\STMicroelectronics.FP-SNS-STAIOTCFT.1.0.0.pdsc: PDSC version is not supported
2026-02-08 11:07:28,915 [WARN] PackLoader:240 - Cannot read IP mode file for STMicroelectronics.X-CUBE-DPower.1.3.0
2026-02-08 11:07:28,928 [WARN] ConditionMgr:438 - getConditionDescription Invalid condition id : LAN8742 Phy interface Condition cause : null
2026-02-08 11:07:28,928 [WARN] PackLoader:240 - Cannot read IP mode file for STMicroelectronics.X-CUBE-AZRTOS-L4.2.0.0
2026-02-08 11:07:28,930 [WARN] ConditionMgr:1039 - genDependencies : Invalid condition id : LAN8742 Phy interface Condition cause : null
2026-02-08 11:07:28,930 [WARN] ConditionMgr:1039 - genDependencies : Invalid condition id : LAN8742 Phy interface Condition cause : null
2026-02-08 11:07:28,930 [WARN] ConditionMgr:1039 - genDependencies : Invalid condition id : LAN8742 Phy interface Condition cause : null
2026-02-08 11:07:28,941 [WARN] PackLoader:240 - Cannot read IP mode file for STMicroelectronics.X-CUBE-SFXS2LP1.4.0.0
2026-02-08 11:07:28,946 [ERROR] Engine:466 - C:\Users\bahad\.stm32cubemx\thirdparties\pdsc\STMicroelectronics.X-CUBE-ST67W61.1.2.0.pdsc: PDSC version is not supported
2026-02-08 11:07:28,962 [WARN] PackLoader:240 - Cannot read IP mode file for STMicroelectronics.X-CUBE-AZRTOS-H7.3.3.0
2026-02-08 11:07:28,972 [ERROR] Engine:466 - C:\Users\bahad\.stm32cubemx\thirdparties\pdsc\STMicroelectronics.X-CUBE-BLEMGR.4.1.0.pdsc: PDSC version is not supported
2026-02-08 11:07:28,986 [WARN] PackLoader:240 - Cannot read IP mode file for STMicroelectronics.X-CUBE-IPS.3.0.0
2026-02-08 11:07:29,002 [WARN] ConditionMgr:438 - getConditionDescription Invalid condition id : UX DEVICE CLASS RTOS Condition cause : null
2026-02-08 11:07:29,002 [WARN] ConditionMgr:438 - getConditionDescription Invalid condition id : UX DEVICE CLASS RTOS Condition cause : null
2026-02-08 11:07:29,004 [WARN] PackLoader:240 - Cannot read IP mode file for STMicroelectronics.X-CUBE-AZRTOS-WB.2.0.0
2026-02-08 11:07:29,004 [WARN] ConditionMgr:1039 - genDependencies : Invalid condition id : UX DEVICE CLASS RTOS Condition cause : null
2026-02-08 11:07:29,004 [WARN] ConditionMgr:1039 - genDependencies : Invalid condition id : UX DEVICE CLASS RTOS Condition cause : null
2026-02-08 11:07:29,004 [WARN] ConditionMgr:1039 - genDependencies : Invalid condition id : UX DEVICE CLASS RTOS Condition cause : null
2026-02-08 11:07:29,004 [WARN] ConditionMgr:1039 - genDependencies : Invalid condition id : UX DEVICE CLASS RTOS Condition cause : null
2026-02-08 11:07:29,004 [WARN] ConditionMgr:1039 - genDependencies : Invalid condition id : UX DEVICE CLASS RTOS Condition cause : null
2026-02-08 11:07:29,013 [WARN] PackLoader:240 - Cannot read IP mode file for STMicroelectronics.X-CUBE-GNSS1.7.0.0
2026-02-08 11:07:29,018 [WARN] PackLoader:240 - Cannot read IP mode file for STMicroelectronics.X-CUBE-GNSS1.7.0.1
2026-02-08 11:07:29,022 [WARN] PackLoader:240 - Cannot read IP mode file for STMicroelectronics.X-CUBE-TOUCHGFX.4.25.0
2026-02-08 11:07:29,028 [WARN] PackLoader:240 - Cannot read IP mode file for STMicroelectronics.FP-SNS-STBOX1.2.0.0
2026-02-08 11:07:29,036 [WARN] PackLoader:240 - Cannot read IP mode file for STMicroelectronics.X-CUBE-STSE01.2.0.0
2026-02-08 11:07:29,047 [WARN] PackLoader:240 - Cannot read IP mode file for STMicroelectronics.X-CUBE-SUBG2.5.0.0
2026-02-08 11:07:29,066 [WARN] PackLoader:240 - Cannot read IP mode file for STMicroelectronics.X-CUBE-AZRTOS-H7RS.1.1.0
2026-02-08 11:07:29,079 [WARN] PackLoader:240 - Cannot read IP mode file for Cesanta.I-CUBE-Mongoose.7.13.0
2026-02-08 11:07:29,098 [WARN] PackLoader:240 - Cannot read IP mode file for STMicroelectronics.X-CUBE-AZRTOS-G4.2.0.0
2026-02-08 11:07:29,105 [WARN] PackLoader:240 - Cannot read IP mode file for STMicroelectronics.X-CUBE-NFC7.2.0.0
2026-02-08 11:07:29,112 [ERROR] Engine:466 - C:\Users\bahad\.stm32cubemx\thirdparties\pdsc\STMicroelectronics.X-CUBE-IPS.3.1.0.pdsc: PDSC version is not supported
2026-02-08 11:07:29,118 [WARN] PackLoader:240 - Cannot read IP mode file for STMicroelectronics.X-CUBE-ALS.1.0.2
2026-02-08 11:07:29,121 [WARN] PackLoader:240 - Cannot read IP mode file for STMicroelectronics.X-CUBE-TOUCHGFX.4.24.1
2026-02-08 11:07:29,125 [WARN] PackLoader:240 - Cannot read IP mode file for STMicroelectronics.X-CUBE-STSE01.1.0.0
2026-02-08 11:07:29,130 [WARN] PackLoader:240 - Cannot read IP mode file for wolfSSL.I-CUBE-wolfTPM.3.4.0
2026-02-08 11:07:29,136 [WARN] PackLoader:240 - Cannot read IP mode file for portGmbH.I-Cube-SoM-uGOAL.1.1.0
2026-02-08 11:07:29,152 [WARN] PackLoader:240 - Cannot read IP mode file for STMicroelectronics.X-CUBE-AZRTOS-H7RS.1.0.0
2026-02-08 11:07:29,162 [WARN] PackLoader:240 - Cannot read IP mode file for STMicroelectronics.X-CUBE-TOF1.3.4.2
2026-02-08 11:07:29,172 [ERROR] Engine:466 - C:\Users\bahad\.stm32cubemx\thirdparties\pdsc\STMicroelectronics.X-CUBE-TOF1.3.4.3.pdsc: PDSC version is not supported
2026-02-08 11:07:29,176 [WARN] PackLoader:240 - Cannot read IP mode file for wolfSSL.I-CUBE-wolfSSH.1.4.17
2026-02-08 11:07:29,176 [INFO] ThirdParty:978 - Integrity check success = true
2026-02-08 11:07:29,176 [INFO] IntegrityCheckThread:100 - exiting critical section [integrity check]
2026-02-08 11:07:29,176 [INFO] IntegrityCheckThread:103 - End integrity checks thread
2026-02-08 14:30:26,441 [ERROR] LogOutputStream:75 - [STDERR_REDIRECT] 
2026-02-08 14:51:04,445 [INFO] Activator:176 - 


2026-02-08 14:51:04,446 [INFO] Activator:177 - !SESSION log4j initialized
2026-02-08 14:51:08,696 [INFO] LogOutputStream:77 - [STDOUT_REDIRECT] 
2026-02-08 14:51:14,727 [INFO] ApplicationProperties:184 - Using Application install path: C:\ST\STM32CubeIDE_1.16.1\STM32CubeIDE\plugins\com.st.stm32cube.common.mx_6.12.1.202409122256
2026-02-08 14:51:14,741 [INFO] DbMcusXml:78 - Set database path to: C:\ST\STM32CubeIDE_1.16.1\STM32CubeIDE\plugins\com.st.stm32cube.common.mx_6.12.1.202409122256\\db\/mcu/
2026-02-08 14:51:14,741 [INFO] ApiDb:274 - Set plugin database path to: C:\ST\STM32CubeIDE_1.16.1\STM32CubeIDE\plugins\com.st.stm32cube.common.mx_6.12.1.202409122256\\db\/plugins/boardmanager/
2026-02-08 14:51:14,741 [WARN] ApiDb:259 - Overriding images path with different value:  => C:\ST\STM32CubeIDE_1.16.1\STM32CubeIDE\plugins\com.st.stm32cube.common.mx_6.12.1.202409122256\\db\/plugins/mcufinder/images/
2026-02-08 14:51:14,747 [INFO] ApiDb:250 - Set database path to: C:\Users\bahad\.stmcufinder\plugins\mcufinder//mcu/
2026-02-08 14:51:14,748 [INFO] DbMcusAds:125 - Set database path to: C:\Users\bahad\.stmcufinder\plugins\mcufinder//mcu/
2026-02-08 14:51:14,750 [INFO] CrossReferenceDbSqlite:203 - Set database path to: C:\Users\bahad\.stmcufinder\plugins\mcufinder//mcu/cs/
2026-02-08 14:51:14,830 [INFO] RulesReader:64 - Compatibility file has been processed (297 Rules)
2026-02-08 14:51:14,896 [INFO] DbMcusXml:78 - Set database path to: C:\ST\STM32CubeIDE_1.16.1\STM32CubeIDE\plugins\com.st.stm32cube.common.mx_6.12.1.202409122256\\db\/mcu/
2026-02-08 14:51:14,896 [INFO] ApiDb:274 - Set plugin database path to: C:\ST\STM32CubeIDE_1.16.1\STM32CubeIDE\plugins\com.st.stm32cube.common.mx_6.12.1.202409122256\\db\/plugins/boardmanager/
2026-02-08 14:51:14,898 [INFO] ApiDb:261 - Set plugin images path to: C:\ST\STM32CubeIDE_1.16.1\STM32CubeIDE\plugins\com.st.stm32cube.common.mx_6.12.1.202409122256\\db\/plugins/mcufinder/images/
2026-02-08 14:51:14,898 [WARN] DbFile:41 - Overriding database path with different value: C:\Users\bahad\.stmcufinder\plugins\mcufinder/ => C:\Users\bahad\.stmcufinder\plugins\mcufinder
2026-02-08 14:51:14,898 [INFO] ApiDb:250 - Set database path to: C:\Users\bahad\.stmcufinder\plugins\mcufinder//mcu/
2026-02-08 14:51:14,898 [WARN] DbFile:41 - Overriding database path with different value: C:\Users\bahad\.stmcufinder\plugins\mcufinder/ => C:\Users\bahad\.stmcufinder\plugins\mcufinder
2026-02-08 14:51:14,898 [INFO] DbMcusAds:125 - Set database path to: C:\Users\bahad\.stmcufinder\plugins\mcufinder//mcu/
2026-02-08 14:51:14,898 [WARN] DbFile:41 - Overriding database path with different value: C:\Users\bahad\.stmcufinder\plugins\mcufinder/ => C:\Users\bahad\.stmcufinder\plugins\mcufinder
2026-02-08 14:51:14,898 [WARN] DbFile:41 - Overriding database path with different value: C:\Users\bahad\.stmcufinder\plugins\mcufinder/ => C:\Users\bahad\.stmcufinder\plugins\mcufinder
2026-02-08 14:51:14,898 [INFO] CrossReferenceDbSqlite:203 - Set database path to: C:\Users\bahad\.stmcufinder\plugins\mcufinder//mcu/cs/
2026-02-08 14:51:14,960 [INFO] MainPanel:268 - HeapMemory: 268435456
2026-02-08 14:51:15,035 [INFO] DbMcusXml:78 - Set database path to: C:\ST\STM32CubeIDE_1.16.1\STM32CubeIDE\plugins\com.st.stm32cube.common.mx_6.12.1.202409122256\\db\/mcu/
2026-02-08 14:51:15,035 [INFO] ApiDb:274 - Set plugin database path to: C:\ST\STM32CubeIDE_1.16.1\STM32CubeIDE\plugins\com.st.stm32cube.common.mx_6.12.1.202409122256\\db\/plugins/boardmanager/
2026-02-08 14:51:15,035 [INFO] ApiDb:261 - Set plugin images path to: C:\ST\STM32CubeIDE_1.16.1\STM32CubeIDE\plugins\com.st.stm32cube.common.mx_6.12.1.202409122256\\db\/plugins/mcufinder/images/
2026-02-08 14:51:15,035 [WARN] DbFile:41 - Overriding database path with different value: C:\Users\bahad\.stmcufinder\plugins\mcufinder/ => C:\Users\bahad\.stmcufinder\plugins\mcufinder
2026-02-08 14:51:15,035 [INFO] ApiDb:250 - Set database path to: C:\Users\bahad\.stmcufinder\plugins\mcufinder//mcu/
2026-02-08 14:51:15,035 [WARN] DbFile:41 - Overriding database path with different value: C:\Users\bahad\.stmcufinder\plugins\mcufinder/ => C:\Users\bahad\.stmcufinder\plugins\mcufinder
2026-02-08 14:51:15,036 [INFO] DbMcusAds:125 - Set database path to: C:\Users\bahad\.stmcufinder\plugins\mcufinder//mcu/
2026-02-08 14:51:15,036 [WARN] DbFile:41 - Overriding database path with different value: C:\Users\bahad\.stmcufinder\plugins\mcufinder/ => C:\Users\bahad\.stmcufinder\plugins\mcufinder
2026-02-08 14:51:15,036 [WARN] DbFile:41 - Overriding database path with different value: C:\Users\bahad\.stmcufinder\plugins\mcufinder/ => C:\Users\bahad\.stmcufinder\plugins\mcufinder
2026-02-08 14:51:15,036 [INFO] CrossReferenceDbSqlite:203 - Set database path to: C:\Users\bahad\.stmcufinder\plugins\mcufinder//mcu/cs/
2026-02-08 14:51:15,052 [INFO] ApplicationProperties:184 - Using Application install path: C:\ST\STM32CubeIDE_1.16.1\STM32CubeIDE\plugins\com.st.stm32cube.common.mx_6.12.1.202409122256
2026-02-08 14:51:15,052 [INFO] PluginManage:196 - Search for loadable plugins [exclusion list=, ]
2026-02-08 14:51:15,054 [INFO] PluginManage:310 - Check plugin analytics
2026-02-08 14:51:20,172 [INFO] AnalyticsPlugin:253 - Accepted Software Licenses: STM32CubeMX.6.12.1
2026-02-08 14:51:20,172 [INFO] AnalyticsPlugin:255 - Accepted CMSIS Pack Licenses: 
2026-02-08 14:51:20,172 [INFO] AnalyticsPlugin:257 - Accepted Firmware Licenses: FW.F4.1.28.0
2026-02-08 14:51:20,174 [INFO] PluginManage:359 - Loaded plugin analytics (category:tool,tabindex:-1)
2026-02-08 14:51:20,175 [INFO] PluginManage:310 - Check plugin cadmodel
2026-02-08 14:51:20,179 [INFO] CADModel:105 - Init CAD model plugin
2026-02-08 14:51:20,179 [INFO] PluginManage:359 - Loaded plugin cadmodel (category:power,tabindex:5)
2026-02-08 14:51:20,179 [INFO] PluginManage:310 - Check plugin clock
2026-02-08 14:51:20,185 [INFO] PluginManage:359 - Loaded plugin clock (category:base,tabindex:2)
2026-02-08 14:51:20,186 [INFO] PluginManage:310 - Check plugin ddr
2026-02-08 14:51:20,187 [INFO] PluginManage:359 - Loaded plugin ddr (category:tool,tabindex:6)
2026-02-08 14:51:20,187 [INFO] PluginManage:310 - Check plugin filemanager
2026-02-08 14:51:20,297 [INFO] PluginManage:359 - Loaded plugin filemanager (category:base,tabindex:10)
2026-02-08 14:51:20,298 [INFO] PluginManage:310 - Check plugin ipmanager
2026-02-08 14:51:20,303 [INFO] PluginManage:359 - Loaded plugin ipmanager (category:base,tabindex:5)
2026-02-08 14:51:20,303 [INFO] PluginManage:310 - Check plugin lpbam
2026-02-08 14:51:20,311 [INFO] PluginManage:359 - Loaded plugin lpbam (category:base,tabindex:0)
2026-02-08 14:51:20,311 [INFO] PluginManage:310 - Check plugin memorymap
2026-02-08 14:51:20,319 [INFO] PluginManage:359 - Loaded plugin memorymap (category:base,tabindex:4)
2026-02-08 14:51:20,319 [INFO] PluginManage:310 - Check plugin pinoutandconfiguration
2026-02-08 14:51:20,323 [INFO] PluginManage:359 - Loaded plugin pinoutandconfiguration (category:base,tabindex:1)
2026-02-08 14:51:20,323 [INFO] PluginManage:310 - Check plugin pinoutconfig
2026-02-08 14:51:20,387 [WARN] SupportedApi:132 - Cannot load RTOS API schema: s4s-elt-must-match.1: The content of 'definitions' must match (annotation?, (simpleType | complexType)?, (unique | key | keyref)*)). A problem was found starting at: attribute.
2026-02-08 14:51:20,484 [INFO] PluginManage:359 - Loaded plugin pinoutconfig (category:base,tabindex:0)
2026-02-08 14:51:20,485 [INFO] PluginManage:310 - Check plugin power
2026-02-08 14:51:20,491 [INFO] PluginManage:359 - Loaded plugin power (category:power,tabindex:4)
2026-02-08 14:51:20,491 [INFO] PluginManage:310 - Check plugin projectmanager
2026-02-08 14:51:20,515 [INFO] PluginManage:359 - Loaded plugin projectmanager (category:projectmanager,tabindex:4)
2026-02-08 14:51:20,515 [INFO] PluginManage:310 - Check plugin rif
2026-02-08 14:51:20,518 [INFO] PluginManage:359 - Loaded plugin rif (category:base,tabindex:3)
2026-02-08 14:51:20,518 [INFO] PluginManage:310 - Check plugin thirdparty
2026-02-08 14:51:20,608 [INFO] PluginManage:359 - Loaded plugin thirdparty (category:base,tabindex:-1)
2026-02-08 14:51:20,608 [INFO] PluginManage:310 - Check plugin tools
2026-02-08 14:51:20,608 [WARN] IntegrityCheckThread:84 - waiting for thirdparty lock release [integrity check]
2026-02-08 14:51:20,608 [INFO] IntegrityCheckThread:86 - entering critical section [integrity check]
2026-02-08 14:51:20,608 [INFO] ThirdPartyUpdaterWithRetryManager:70 - Updater plugin not ready yet. [1/15]
2026-02-08 14:51:20,610 [INFO] PluginManage:359 - Loaded plugin tools (category:base,tabindex:7)
2026-02-08 14:51:20,610 [INFO] PluginManage:310 - Check plugin tutovideos
2026-02-08 14:51:20,731 [INFO] PluginManage:359 - Loaded plugin tutovideos (category:base,tabindex:-1)
2026-02-08 14:51:20,731 [INFO] PluginManage:310 - Check plugin updater
2026-02-08 14:51:20,744 [INFO] PluginManage:359 - Loaded plugin updater (category:base,tabindex:12)
2026-02-08 14:51:20,744 [INFO] PluginManage:310 - Check plugin userauth
2026-02-08 14:51:20,748 [INFO] UserAuth:113 - Init User Auth plugin
2026-02-08 14:51:20,748 [INFO] PluginManage:359 - Loaded plugin userauth (category:base,tabindex:14)
2026-02-08 14:51:20,749 [INFO] PluginManage:283 - PluginManage : Loaded plugins [18]
2026-02-08 14:51:20,901 [INFO] PinOutPanel:1561 - setPackage(No Configuration,No Configuration)
2026-02-08 14:51:20,968 [INFO] CADModel:165 - CPN selected for project level
2026-02-08 14:51:20,968 [INFO] CADModel:114 - Register for checkConnection events
2026-02-08 14:51:20,980 [INFO] IPUIPlugin:80 - create IPUIPlugin
2026-02-08 14:51:20,982 [INFO] PluginManager:220 - loadIPPluginJar : add adc
2026-02-08 14:51:20,983 [INFO] IPUIPlugin:80 - create IPUIPlugin
2026-02-08 14:51:20,983 [INFO] PluginManager:220 - loadIPPluginJar : add aes
2026-02-08 14:51:20,985 [INFO] IPUIPlugin:80 - create IPUIPlugin
2026-02-08 14:51:20,985 [INFO] PluginManager:220 - loadIPPluginJar : add can
2026-02-08 14:51:20,985 [INFO] IPUIPlugin:80 - create IPUIPlugin
2026-02-08 14:51:20,985 [INFO] PluginManager:220 - loadIPPluginJar : add comp
2026-02-08 14:51:20,987 [INFO] IPUIPlugin:80 - create IPUIPlugin
2026-02-08 14:51:20,987 [INFO] PluginManager:220 - loadIPPluginJar : add cryp
2026-02-08 14:51:20,989 [INFO] IPUIPlugin:80 - create IPUIPlugin
2026-02-08 14:51:20,989 [INFO] PluginManager:220 - loadIPPluginJar : add ddr_ctrl_phy
2026-02-08 14:51:20,991 [INFO] IPUIPlugin:80 - create IPUIPlugin
2026-02-08 14:51:20,991 [INFO] PluginManager:220 - loadIPPluginJar : add dfsdm
2026-02-08 14:51:20,995 [INFO] IPUIPlugin:80 - create IPUIPlugin
2026-02-08 14:51:20,995 [INFO] PluginManager:220 - loadIPPluginJar : add dma
2026-02-08 14:51:20,997 [INFO] IPUIPlugin:80 - create IPUIPlugin
2026-02-08 14:51:20,997 [INFO] PluginManager:220 - loadIPPluginJar : add dma3
2026-02-08 14:51:20,999 [INFO] IPUIPlugin:80 - create IPUIPlugin
2026-02-08 14:51:20,999 [INFO] PluginManager:220 - loadIPPluginJar : add extmemmanager
2026-02-08 14:51:21,000 [INFO] IPUIPlugin:80 - create IPUIPlugin
2026-02-08 14:51:21,000 [INFO] PluginManager:220 - loadIPPluginJar : add fatfs
2026-02-08 14:51:21,003 [INFO] IPUIPlugin:80 - create IPUIPlugin
2026-02-08 14:51:21,003 [INFO] PluginManager:220 - loadIPPluginJar : add fmc
2026-02-08 14:51:21,006 [INFO] IPUIPlugin:80 - create IPUIPlugin
2026-02-08 14:51:21,007 [INFO] PluginManager:220 - loadIPPluginJar : add freertos
2026-02-08 14:51:21,008 [INFO] IPUIPlugin:80 - create IPUIPlugin
2026-02-08 14:51:21,008 [INFO] PluginManager:220 - loadIPPluginJar : add genericplugin
2026-02-08 14:51:21,009 [INFO] IPUIPlugin:80 - create IPUIPlugin
2026-02-08 14:51:21,009 [INFO] PluginManager:220 - loadIPPluginJar : add gfxmmu
2026-02-08 14:51:21,012 [INFO] IPUIPlugin:80 - create IPUIPlugin
2026-02-08 14:51:21,012 [INFO] PluginManager:220 - loadIPPluginJar : add gic
2026-02-08 14:51:21,015 [INFO] IPUIPlugin:80 - create IPUIPlugin
2026-02-08 14:51:21,015 [INFO] PluginManager:220 - loadIPPluginJar : add gpio
2026-02-08 14:51:21,017 [INFO] IPUIPlugin:80 - create IPUIPlugin
2026-02-08 14:51:21,017 [INFO] PluginManager:220 - loadIPPluginJar : add gtzc
2026-02-08 14:51:21,018 [INFO] IPUIPlugin:80 - create IPUIPlugin
2026-02-08 14:51:21,018 [INFO] PluginManager:220 - loadIPPluginJar : add hash
2026-02-08 14:51:21,019 [INFO] IPUIPlugin:80 - create IPUIPlugin
2026-02-08 14:51:21,019 [INFO] PluginManager:220 - loadIPPluginJar : add i2c
2026-02-08 14:51:21,020 [INFO] IPUIPlugin:80 - create IPUIPlugin
2026-02-08 14:51:21,020 [INFO] PluginManager:220 - loadIPPluginJar : add i2s
2026-02-08 14:51:21,022 [INFO] IPUIPlugin:80 - create IPUIPlugin
2026-02-08 14:51:21,022 [INFO] PluginManager:220 - loadIPPluginJar : add i3c
2026-02-08 14:51:21,025 [INFO] IPUIPlugin:80 - create IPUIPlugin
2026-02-08 14:51:21,025 [INFO] PluginManager:220 - loadIPPluginJar : add ipddr
2026-02-08 14:51:21,030 [INFO] IPUIPlugin:80 - create IPUIPlugin
2026-02-08 14:51:21,030 [INFO] PluginManager:220 - loadIPPluginJar : add linkedlist
2026-02-08 14:51:21,032 [INFO] IPUIPlugin:80 - create IPUIPlugin
2026-02-08 14:51:21,032 [INFO] PluginManager:220 - loadIPPluginJar : add lorawan
2026-02-08 14:51:21,033 [INFO] IPUIPlugin:80 - create IPUIPlugin
2026-02-08 14:51:21,033 [INFO] PluginManager:220 - loadIPPluginJar : add ltdc
2026-02-08 14:51:21,036 [INFO] IPUIPlugin:80 - create IPUIPlugin
2026-02-08 14:51:21,036 [INFO] PluginManager:220 - loadIPPluginJar : add mdma
2026-02-08 14:51:21,038 [INFO] IPUIPlugin:80 - create IPUIPlugin
2026-02-08 14:51:21,038 [INFO] PluginManager:220 - loadIPPluginJar : add nvic
2026-02-08 14:51:21,041 [INFO] IPUIPlugin:80 - create IPUIPlugin
2026-02-08 14:51:21,041 [INFO] PluginManager:220 - loadIPPluginJar : add opamp
2026-02-08 14:51:21,042 [INFO] IPUIPlugin:80 - create IPUIPlugin
2026-02-08 14:51:21,042 [INFO] PluginManager:220 - loadIPPluginJar : add openamp
2026-02-08 14:51:21,045 [INFO] IPUIPlugin:80 - create IPUIPlugin
2026-02-08 14:51:21,046 [INFO] PluginManager:220 - loadIPPluginJar : add pdm2pcm
2026-02-08 14:51:21,049 [INFO] IPUIPlugin:80 - create IPUIPlugin
2026-02-08 14:51:21,051 [INFO] PluginManager:220 - loadIPPluginJar : add plateformsettings
2026-02-08 14:51:21,051 [INFO] IPUIPlugin:80 - create IPUIPlugin
2026-02-08 14:51:21,051 [INFO] PluginManager:220 - loadIPPluginJar : add quadspi
2026-02-08 14:51:21,052 [INFO] IPUIPlugin:80 - create IPUIPlugin
2026-02-08 14:51:21,054 [INFO] PluginManager:220 - loadIPPluginJar : add radio
2026-02-08 14:51:21,057 [INFO] IPUIPlugin:80 - create IPUIPlugin
2026-02-08 14:51:21,057 [INFO] PluginManager:220 - loadIPPluginJar : add resmgrutility
2026-02-08 14:51:21,059 [INFO] IPUIPlugin:80 - create IPUIPlugin
2026-02-08 14:51:21,059 [INFO] PluginManager:220 - loadIPPluginJar : add sai
2026-02-08 14:51:21,061 [INFO] IPUIPlugin:80 - create IPUIPlugin
2026-02-08 14:51:21,061 [INFO] PluginManager:220 - loadIPPluginJar : add spi
2026-02-08 14:51:21,065 [INFO] IPUIPlugin:80 - create IPUIPlugin
2026-02-08 14:51:21,065 [INFO] PluginManager:220 - loadIPPluginJar : add stm32_wpan
2026-02-08 14:51:21,066 [INFO] IPUIPlugin:80 - create IPUIPlugin
2026-02-08 14:51:21,066 [INFO] PluginManager:220 - loadIPPluginJar : add tim
2026-02-08 14:51:21,067 [INFO] IPUIPlugin:80 - create IPUIPlugin
2026-02-08 14:51:21,067 [INFO] PluginManager:220 - loadIPPluginJar : add touchsensing
2026-02-08 14:51:21,070 [INFO] IPUIPlugin:80 - create IPUIPlugin
2026-02-08 14:51:21,070 [INFO] PluginManager:220 - loadIPPluginJar : add tracer_emb
2026-02-08 14:51:21,071 [INFO] IPUIPlugin:80 - create IPUIPlugin
2026-02-08 14:51:21,071 [INFO] PluginManager:220 - loadIPPluginJar : add ts
2026-02-08 14:51:21,072 [INFO] IPUIPlugin:80 - create IPUIPlugin
2026-02-08 14:51:21,072 [INFO] PluginManager:220 - loadIPPluginJar : add tsc
2026-02-08 14:51:21,073 [INFO] IPUIPlugin:80 - create IPUIPlugin
2026-02-08 14:51:21,073 [INFO] PluginManager:220 - loadIPPluginJar : add ucpd
2026-02-08 14:51:21,077 [INFO] IPUIPlugin:80 - create IPUIPlugin
2026-02-08 14:51:21,077 [INFO] PluginManager:220 - loadIPPluginJar : add usart
2026-02-08 14:51:21,079 [INFO] IPUIPlugin:80 - create IPUIPlugin
2026-02-08 14:51:21,079 [INFO] PluginManager:220 - loadIPPluginJar : add usbx
2026-02-08 14:51:21,188 [INFO] CADModel:165 - CPN selected for project level
2026-02-08 14:51:21,188 [INFO] CADModel:114 - Register for checkConnection events
2026-02-08 14:51:21,188 [FATAL] Updater:334 - Updater called before beeing initialized
2026-02-08 14:51:21,188 [ERROR] CADModel:125 - Updater not yet initialized, retry later 
2026-02-08 14:51:21,274 [INFO] CADModel:165 - CPN selected for project level
2026-02-08 14:51:21,275 [INFO] CADModel:114 - Register for checkConnection events
2026-02-08 14:51:21,275 [FATAL] Updater:334 - Updater called before beeing initialized
2026-02-08 14:51:21,276 [ERROR] CADModel:125 - Updater not yet initialized, retry later 
2026-02-08 14:51:21,278 [FATAL] Updater:334 - Updater called before beeing initialized
2026-02-08 14:51:21,361 [FATAL] Updater:334 - Updater called before beeing initialized
2026-02-08 14:51:21,365 [INFO] DbMcusAds:53 - JSON generation date=Thu Jan 08 16:57:51 CET 2026 (1767887871456)
2026-02-08 14:51:21,365 [FATAL] Updater:334 - Updater called before beeing initialized
2026-02-08 14:51:21,391 [WARN] DetailPanel:346 - Failed to get advertising image, set to default
2026-02-08 14:51:21,461 [FATAL] Updater:334 - Updater called before beeing initialized
2026-02-08 14:51:21,462 [FATAL] Updater:334 - Updater called before beeing initialized
2026-02-08 14:51:21,462 [FATAL] Updater:334 - Updater called before beeing initialized
2026-02-08 14:51:21,463 [WARN] DetailPanel:346 - Failed to get advertising image, set to default
2026-02-08 14:51:21,463 [FATAL] Updater:334 - Updater called before beeing initialized
2026-02-08 14:51:21,498 [ERROR] Updater:1164 - MainUpdater not yet initialized. External WinMGr cannot be set.
2026-02-08 14:51:21,499 [INFO] Updater:1100 - Updater Version found : 6.12.1
2026-02-08 14:51:21,516 [INFO] ApplicationProperties:184 - Using Application install path: C:\ST\STM32CubeIDE_1.16.1\STM32CubeIDE\plugins\com.st.stm32cube.common.mx_6.12.1.202409122256
2026-02-08 14:51:23,091 [ERROR] LogOutputStream:75 - [STDERR_REDIRECT] Feb 08, 2026 2:51:23 PM java.util.prefs.WindowsPreferences <init>
2026-02-08 14:51:23,092 [ERROR] LogOutputStream:75 - [STDERR_REDIRECT] WARNING: Could not open/create prefs root node Software\JavaSoft\Prefs at root 0xffffffff80000002. Windows RegCreateKeyEx(...) returned error code 5.
2026-02-08 14:51:23,092 [ERROR] LogOutputStream:75 - [STDERR_REDIRECT] 
2026-02-08 14:51:23,362 [INFO] MainUpdater:2873 - connection check result : 10
2026-02-08 14:51:23,362 [INFO] MainUpdater:290 - Updater Check For Update Now.
2026-02-08 14:51:23,363 [INFO] MicroXplorer:498 - Change Database Version : DB.6.0.121
2026-02-08 14:51:23,367 [INFO] McuFinderGlobals:63 - Set McuFinder mode to 2 (CubeIDE integrated)
2026-02-08 14:51:23,367 [INFO] UserAuth:179 - activating auth plugin
2026-02-08 14:51:23,368 [INFO] UserAuth:417 - Internet connection configuration mode: 1
2026-02-08 14:51:23,392 [INFO] JxBrowserEngine:152 - Initiate JxBrowser Engine with user profile folder
2026-02-08 14:51:23,549 [INFO] CheckServerUpdateThread:120 - End of CheckServer Thread
2026-02-08 14:51:23,842 [WARN] PackLoader:240 - Cannot read IP mode file for STMicroelectronics.FP-SNS-MOTENVWB1.1.4.0
2026-02-08 14:51:23,850 [WARN] PackLoader:240 - Cannot read IP mode file for STMicroelectronics.FP-ATR-ASTRA1.2.0.2
2026-02-08 14:51:23,854 [WARN] PackLoader:240 - Cannot read IP mode file for STMicroelectronics.FP-ATR-ASTRA1.2.0.1
2026-02-08 14:51:23,862 [WARN] PackLoader:240 - Cannot read IP mode file for STMicroelectronics.X-CUBE-SMBUS.2.1.0
2026-02-08 14:51:23,868 [WARN] PackLoader:240 - Cannot read IP mode file for STMicroelectronics.X-CUBE-WB05N.1.1.0
2026-02-08 14:51:23,871 [ERROR] Engine:466 - C:\Users\bahad\.stm32cubemx\thirdparties\pdsc\STMicroelectronics.X-CUBE-ST60.1.0.0.pdsc: PDSC version is not supported
2026-02-08 14:51:23,913 [WARN] PackLoader:240 - Cannot read IP mode file for STMicroelectronics.X-CUBE-AZRTOS-F7.1.1.0
2026-02-08 14:51:23,976 [WARN] PackLoader:240 - Cannot read IP mode file for STMicroelectronics.X-CUBE-MEMS1.11.0.0
2026-02-08 14:51:24,105 [INFO] WebApp:167 - Instantiating new browser for Auth
2026-02-08 14:51:24,108 [ERROR] Engine:466 - C:\Users\bahad\.stm32cubemx\thirdparties\pdsc\STMicroelectronics.FP-SNS-MOTENV1.5.1.0.pdsc: PDSC version is not supported
2026-02-08 14:51:24,113 [WARN] PackLoader:240 - Cannot read IP mode file for STMicroelectronics.FP-SNS-FLIGHT1.5.0.2
2026-02-08 14:51:24,141 [WARN] PackLoader:240 - Cannot read IP mode file for Infineon.AIROC-Wi-Fi-Bluetooth-STM32.1.7.0
2026-02-08 14:51:24,169 [WARN] PackLoader:240 - Cannot read IP mode file for STMicroelectronics.X-CUBE-AZRTOS-H7.3.4.0
2026-02-08 14:51:24,186 [WARN] PackLoader:240 - Cannot read IP mode file for STMicroelectronics.X-CUBE-DISPLAY.3.0.0
2026-02-08 14:51:24,199 [WARN] PackLoader:240 - Cannot read IP mode file for STMicroelectronics.X-CUBE-BLE1.7.0.0
2026-02-08 14:51:24,206 [WARN] PackLoader:240 - Cannot read IP mode file for STMicroelectronics.X-CUBE-NFC10.1.0.0
2026-02-08 14:51:24,217 [WARN] PackLoader:240 - Cannot read IP mode file for STMicroelectronics.X-CUBE-BLEMGR.4.0.0
2026-02-08 14:51:24,223 [ERROR] Engine:466 - C:\Users\bahad\.stm32cubemx\thirdparties\pdsc\STMicroelectronics.X-CUBE-ST60.1.1.0.pdsc: PDSC version is not supported
2026-02-08 14:51:24,229 [WARN] PackLoader:240 - Cannot read IP mode file for emotas.I-CUBE-CANOPEN.1.3.0
2026-02-08 14:51:24,237 [WARN] PackLoader:240 - Cannot read IP mode file for STMicroelectronics.X-CUBE-GNSS1.7.1.0
2026-02-08 14:51:24,258 [WARN] PackLoader:240 - Cannot read IP mode file for STMicroelectronics.X-CUBE-AI.10.0.0
2026-02-08 14:51:24,261 [ERROR] Engine:466 - C:\Users\bahad\.stm32cubemx\thirdparties\pdsc\STMicroelectronics.FP-SNS-STBOX1.2.1.0.pdsc: PDSC version is not supported
2026-02-08 14:51:24,266 [WARN] PackLoader:240 - Cannot read IP mode file for STMicroelectronics.FP-SNS-SMARTAG2.1.2.0
2026-02-08 14:51:24,268 [ERROR] Engine:466 - C:\Users\bahad\.stm32cubemx\thirdparties\pdsc\STMicroelectronics.FP-SNS-FLIGHT1.5.1.0.pdsc: PDSC version is not supported
2026-02-08 14:51:24,312 [WARN] PackLoader:240 - Cannot read IP mode file for STMicroelectronics.X-CUBE-MEMS1.11.1.0
2026-02-08 14:51:24,437 [INFO] LogOutputStream:77 - [STDOUT_REDIRECT] 1 : Invalid condition id : UX_CORESTACK_Condition cause : null
2026-02-08 14:51:24,438 [INFO] LogOutputStream:77 - [STDOUT_REDIRECT] 1 : Invalid condition id : UX_CORESTACK_Condition cause : null
2026-02-08 14:51:24,439 [INFO] LogOutputStream:77 - [STDOUT_REDIRECT] 1 : Invalid condition id : UX_CORESTACK_Condition cause : null
2026-02-08 14:51:24,441 [INFO] LogOutputStream:77 - [STDOUT_REDIRECT] 1 : Invalid condition id : UX_CORESTACK_Condition cause : null
2026-02-08 14:51:24,442 [INFO] LogOutputStream:77 - [STDOUT_REDIRECT] 1 : Invalid condition id : UX_CORESTACK_Condition cause : null
2026-02-08 14:51:24,444 [WARN] PackLoader:240 - Cannot read IP mode file for STMicroelectronics.X-CUBE-AZRTOS-WL.2.0.0
2026-02-08 14:51:24,449 [WARN] PackLoader:240 - Cannot read IP mode file for STMicroelectronics.FP-SNS-MOTENV1.5.0.0
2026-02-08 14:51:24,466 [WARN] PackLoader:240 - Cannot read IP mode file for STMicroelectronics.X-CUBE-AZRTOS-H7RS.1.2.0
2026-02-08 14:51:24,474 [WARN] PackLoader:240 - Cannot read IP mode file for wolfSSL.I-CUBE-wolfMQTT.1.19.0
2026-02-08 14:51:24,483 [WARN] PackLoader:240 - Cannot read IP mode file for WES.I-CUBE-Cesium.1.3.0
2026-02-08 14:51:24,488 [WARN] PackLoader:240 - Cannot read IP mode file for STMicroelectronics.X-CUBE-BLE2.3.3.0
2026-02-08 14:51:24,491 [ERROR] Engine:466 - C:\Users\bahad\.stm32cubemx\thirdparties\pdsc\Avnet-IOTCONNECT.X-CUBE-iotc-st67-sdk.1.0.0.pdsc: PDSC version is not supported
2026-02-08 14:51:24,497 [WARN] PackLoader:240 - Cannot read IP mode file for STMicroelectronics.X-CUBE-NFC9.1.0.0
2026-02-08 14:51:24,508 [WARN] PackLoader:240 - Cannot read IP mode file for STMicroelectronics.X-CUBE-BLE1.7.1.0
2026-02-08 14:51:24,512 [WARN] PackLoader:240 - Cannot read IP mode file for STMicroelectronics.X-CUBE-TCPP.4.1.0
2026-02-08 14:51:24,518 [ERROR] Engine:466 - C:\Users\bahad\.stm32cubemx\thirdparties\pdsc\STMicroelectronics.X-CUBE-FREERTOS.1.4.0.pdsc: PDSC version is not supported
2026-02-08 14:51:24,526 [WARN] PackLoader:240 - Cannot read IP mode file for STMicroelectronics.X-CUBE-EEPRMA1.5.2.0
2026-02-08 14:51:24,531 [ERROR] Engine:466 - C:\Users\bahad\.stm32cubemx\thirdparties\pdsc\STMicroelectronics.X-CUBE-ST67W61.1.1.0.pdsc: PDSC version is not supported
2026-02-08 14:51:24,536 [WARN] PackLoader:240 - Cannot read IP mode file for STMicroelectronics.X-CUBE-AI.10.1.0
2026-02-08 14:51:24,589 [WARN] PackLoader:240 - Cannot read IP mode file for STMicroelectronics.X-CUBE-MEMS1.12.0.0
2026-02-08 14:51:24,697 [WARN] PackLoader:240 - Cannot read IP mode file for STMicroelectronics.X-CUBE-MEMS1.11.2.0
2026-02-08 14:51:24,797 [WARN] PackLoader:240 - Cannot read IP mode file for STMicroelectronics.X-CUBE-AZRTOS-G0.1.1.0
2026-02-08 14:51:24,806 [WARN] PackLoader:240 - Cannot read IP mode file for STMicroelectronics.X-CUBE-SAFEA1.1.2.2
2026-02-08 14:51:24,812 [WARN] PackLoader:240 - Cannot read IP mode file for STMicroelectronics.X-CUBE-NFC4.3.0.0
2026-02-08 14:51:24,822 [WARN] PackLoader:240 - Cannot read IP mode file for EmbeddedOffice.I-CUBE-FS-RTOS.1.0.1
2026-02-08 14:51:24,822 [ERROR] ConditionMgr:805 - Attr not supported : Dmpu
2026-02-08 14:51:24,822 [ERROR] ConditionMgr:805 - Attr not supported : Dmpu
2026-02-08 14:51:24,822 [ERROR] ConditionMgr:805 - Attr not supported : Dmpu
2026-02-08 14:51:24,822 [ERROR] ConditionMgr:805 - Attr not supported : Dmpu
2026-02-08 14:51:24,822 [ERROR] ConditionMgr:805 - Attr not supported : Dmpu
2026-02-08 14:51:24,822 [ERROR] ConditionMgr:805 - Attr not supported : Dmpu
2026-02-08 14:51:24,822 [ERROR] ConditionMgr:805 - Attr not supported : Dmpu
2026-02-08 14:51:24,822 [ERROR] ConditionMgr:805 - Attr not supported : Dmpu
2026-02-08 14:51:24,822 [ERROR] ConditionMgr:805 - Attr not supported : Dmpu
2026-02-08 14:51:24,822 [ERROR] ConditionMgr:805 - Attr not supported : Dmpu
2026-02-08 14:51:24,822 [ERROR] ConditionMgr:805 - Attr not supported : Dmpu
2026-02-08 14:51:24,822 [ERROR] ConditionMgr:805 - Attr not supported : Dmpu
2026-02-08 14:51:24,822 [ERROR] ConditionMgr:805 - Attr not supported : Dmpu
2026-02-08 14:51:24,822 [ERROR] ConditionMgr:805 - Attr not supported : Dmpu
2026-02-08 14:51:24,822 [ERROR] ConditionMgr:805 - Attr not supported : Dmpu
2026-02-08 14:51:24,822 [ERROR] ConditionMgr:805 - Attr not supported : Dmpu
2026-02-08 14:51:24,822 [ERROR] ConditionMgr:805 - Attr not supported : Dmpu
2026-02-08 14:51:24,823 [ERROR] ConditionMgr:805 - Attr not supported : Dmpu
2026-02-08 14:51:24,823 [ERROR] ConditionMgr:805 - Attr not supported : Dmpu
2026-02-08 14:51:24,823 [ERROR] ConditionMgr:805 - Attr not supported : Dmpu
2026-02-08 14:51:24,823 [ERROR] ConditionMgr:805 - Attr not supported : Dmpu
2026-02-08 14:51:24,823 [ERROR] ConditionMgr:805 - Attr not supported : Dmpu
2026-02-08 14:51:24,823 [ERROR] ConditionMgr:805 - Attr not supported : Dmpu
2026-02-08 14:51:24,823 [ERROR] ConditionMgr:805 - Attr not supported : Dmpu
2026-02-08 14:51:24,823 [ERROR] ConditionMgr:805 - Attr not supported : Dmpu
2026-02-08 14:51:24,823 [ERROR] ConditionMgr:805 - Attr not supported : Dmpu
2026-02-08 14:51:24,823 [ERROR] ConditionMgr:805 - Attr not supported : Dmpu
2026-02-08 14:51:24,823 [ERROR] ConditionMgr:805 - Attr not supported : Dmpu
2026-02-08 14:51:24,823 [ERROR] ConditionMgr:805 - Attr not supported : Dmpu
2026-02-08 14:51:24,823 [ERROR] ConditionMgr:805 - Attr not supported : Dmpu
2026-02-08 14:51:24,823 [ERROR] ConditionMgr:805 - Attr not supported : Dmpu
2026-02-08 14:51:24,823 [ERROR] ConditionMgr:805 - Attr not supported : Dmpu
2026-02-08 14:51:24,823 [ERROR] ConditionMgr:805 - Attr not supported : Dmpu
2026-02-08 14:51:24,823 [ERROR] ConditionMgr:805 - Attr not supported : Dmpu
2026-02-08 14:51:24,823 [ERROR] ConditionMgr:805 - Attr not supported : Dmpu
2026-02-08 14:51:24,823 [ERROR] ConditionMgr:805 - Attr not supported : Dmpu
2026-02-08 14:51:24,823 [ERROR] ConditionMgr:805 - Attr not supported : Dmpu
2026-02-08 14:51:24,823 [ERROR] ConditionMgr:805 - Attr not supported : Dmpu
2026-02-08 14:51:24,823 [ERROR] ConditionMgr:805 - Attr not supported : Dmpu
2026-02-08 14:51:24,823 [ERROR] ConditionMgr:805 - Attr not supported : Dmpu
2026-02-08 14:51:24,824 [ERROR] ConditionMgr:805 - Attr not supported : Dmpu
2026-02-08 14:51:24,824 [ERROR] ConditionMgr:805 - Attr not supported : Dmpu
2026-02-08 14:51:24,824 [ERROR] ConditionMgr:805 - Attr not supported : Dmpu
2026-02-08 14:51:24,824 [ERROR] ConditionMgr:805 - Attr not supported : Dmpu
2026-02-08 14:51:24,824 [ERROR] ConditionMgr:805 - Attr not supported : Dmpu
2026-02-08 14:51:24,824 [ERROR] ConditionMgr:805 - Attr not supported : Dmpu
2026-02-08 14:51:24,824 [ERROR] ConditionMgr:805 - Attr not supported : Dmpu
2026-02-08 14:51:24,824 [ERROR] ConditionMgr:805 - Attr not supported : Dmpu
2026-02-08 14:51:24,824 [ERROR] ConditionMgr:805 - Attr not supported : Dmpu
2026-02-08 14:51:24,824 [ERROR] ConditionMgr:805 - Attr not supported : Dmpu
2026-02-08 14:51:24,824 [ERROR] ConditionMgr:805 - Attr not supported : Dmpu
2026-02-08 14:51:24,824 [ERROR] ConditionMgr:805 - Attr not supported : Dmpu
2026-02-08 14:51:24,825 [ERROR] ConditionMgr:805 - Attr not supported : Dmpu
2026-02-08 14:51:24,825 [ERROR] ConditionMgr:805 - Attr not supported : Dmpu
2026-02-08 14:51:24,825 [ERROR] ConditionMgr:805 - Attr not supported : Dmpu
2026-02-08 14:51:24,825 [ERROR] ConditionMgr:805 - Attr not supported : Dmpu
2026-02-08 14:51:24,825 [ERROR] ConditionMgr:805 - Attr not supported : Dmpu
2026-02-08 14:51:24,825 [ERROR] ConditionMgr:805 - Attr not supported : Dmpu
2026-02-08 14:51:24,825 [ERROR] ConditionMgr:805 - Attr not supported : Dmpu
2026-02-08 14:51:24,825 [ERROR] ConditionMgr:805 - Attr not supported : Dmpu
2026-02-08 14:51:24,825 [ERROR] ConditionMgr:805 - Attr not supported : Dmpu
2026-02-08 14:51:24,825 [ERROR] ConditionMgr:805 - Attr not supported : Dmpu
2026-02-08 14:51:24,825 [ERROR] ConditionMgr:805 - Attr not supported : Dmpu
2026-02-08 14:51:24,825 [ERROR] ConditionMgr:805 - Attr not supported : Dmpu
2026-02-08 14:51:24,831 [WARN] PackLoader:240 - Cannot read IP mode file for STMicroelectronics.X-CUBE-WB05N.2.0.0
2026-02-08 14:51:24,834 [ERROR] Engine:466 - C:\Users\bahad\.stm32cubemx\thirdparties\pdsc\STMicroelectronics.X-CUBE-TCPP.4.2.0.pdsc: PDSC version is not supported
2026-02-08 14:51:24,839 [WARN] PackLoader:240 - Cannot read IP mode file for RealThread.X-CUBE-RT-Thread_Nano.4.1.1
2026-02-08 14:51:24,845 [WARN] PackLoader:240 - Cannot read IP mode file for STMicroelectronics.FP-ATR-SIGFOX1.3.2.0
2026-02-08 14:51:24,882 [WARN] ConditionMgr:438 - getConditionDescription Invalid condition id : Cortex-A Device cause : null
2026-02-08 14:51:24,899 [WARN] ConditionMgr:1039 - genDependencies : Invalid condition id : Cortex-A Device cause : null
2026-02-08 14:51:24,899 [WARN] ConditionMgr:1039 - genDependencies : Invalid condition id : Cortex-A Device cause : null
2026-02-08 14:51:24,899 [WARN] ConditionMgr:1039 - genDependencies : Invalid condition id : Cortex-A Device cause : null
2026-02-08 14:51:24,911 [WARN] PackLoader:240 - Cannot read IP mode file for STMicroelectronics.X-CUBE-EEPRMA1.5.1.0
2026-02-08 14:51:24,916 [WARN] PackLoader:240 - Cannot read IP mode file for wolfSSL.I-CUBE-wolfSSL.5.7.4
2026-02-08 14:51:24,923 [WARN] PackLoader:240 - Cannot read IP mode file for ITTIA_DB.I-CUBE-ITTIADB.8.9.0
2026-02-08 14:51:24,931 [WARN] PackLoader:240 - Cannot read IP mode file for STMicroelectronics.X-CUBE-NFC6.3.2.0
2026-02-08 14:51:24,935 [ERROR] Engine:466 - C:\Users\bahad\.stm32cubemx\thirdparties\pdsc\STMicroelectronics.X-CUBE-ST67W61.1.0.0.pdsc: PDSC version is not supported
2026-02-08 14:51:24,951 [WARN] PackLoader:240 - Cannot read IP mode file for STMicroelectronics.X-CUBE-AI.10.2.0
2026-02-08 14:51:24,973 [WARN] PackLoader:240 - Cannot read IP mode file for SEGGER.I-CUBE-embOS.1.3.1
2026-02-08 14:51:25,002 [WARN] PackLoader:240 - Cannot read IP mode file for STMicroelectronics.X-CUBE-ALGOBUILD.1.4.0
2026-02-08 14:51:25,045 [WARN] PackLoader:240 - Cannot read IP mode file for STMicroelectronics.X-CUBE-MEMS1.11.3.0
2026-02-08 14:51:25,161 [WARN] PackLoader:240 - Cannot read IP mode file for STMicroelectronics.X-CUBE-AI.9.1.0
2026-02-08 14:51:25,165 [WARN] PackLoader:240 - Cannot read IP mode file for STMicroelectronics.X-CUBE-PM33A1.1.0.0
2026-02-08 14:51:25,179 [WARN] PackLoader:240 - Cannot read IP mode file for STMicroelectronics.X-CUBE-AZRTOS-F4.1.1.0
2026-02-08 14:51:25,183 [ERROR] Engine:466 - C:\Users\bahad\.stm32cubemx\thirdparties\pdsc\Avnet-IotConnect.X-CUBE-IoTC-DA16k-PMOD.1.0.0.pdsc: PDSC version is not supported
2026-02-08 14:51:25,189 [WARN] PackLoader:240 - Cannot read IP mode file for STMicroelectronics.X-CUBE-ISPU.2.1.0
2026-02-08 14:51:25,194 [ERROR] Engine:466 - C:\Users\bahad\.stm32cubemx\thirdparties\pdsc\STMicroelectronics.X-CUBE-IPS.3.2.0.pdsc: PDSC version is not supported
2026-02-08 14:51:25,202 [WARN] PackLoader:240 - Cannot read IP mode file for STMicroelectronics.X-CUBE-FREERTOS.1.2.0
2026-02-08 14:51:25,208 [WARN] PackLoader:240 - Cannot read IP mode file for STMicroelectronics.X-CUBE-NFC12.1.0.0
2026-02-08 14:51:25,221 [WARN] PackLoader:240 - Cannot read IP mode file for STMicroelectronics.X-CUBE-AZRTOS-L5.2.0.0
2026-02-08 14:51:25,229 [WARN] PackLoader:240 - Cannot read IP mode file for STMicroelectronics.X-CUBE-NFC6.3.1.0
2026-02-08 14:51:25,236 [WARN] PackLoader:240 - Cannot read IP mode file for STMicroelectronics.X-CUBE-DPower.1.2.0
2026-02-08 14:51:25,241 [WARN] PackLoader:240 - Cannot read IP mode file for STMicroelectronics.X-CUBE-FREERTOS.1.3.1
2026-02-08 14:51:25,246 [WARN] PackLoader:240 - Cannot read IP mode file for STMicroelectronics.X-CUBE-FREERTOS.1.3.0
2026-02-08 14:51:25,251 [WARN] PackLoader:240 - Cannot read IP mode file for STMicroelectronics.X-CUBE-NFC7.1.0.1
2026-02-08 14:51:25,257 [WARN] PackLoader:240 - Cannot read IP mode file for STMicroelectronics.X-CUBE-TOUCHGFX.4.26.0
2026-02-08 14:51:25,259 [ERROR] Engine:466 - C:\Users\bahad\.stm32cubemx\thirdparties\pdsc\STMicroelectronics.FP-SNS-STAIOTCFT.1.0.0.pdsc: PDSC version is not supported
2026-02-08 14:51:25,262 [WARN] PackLoader:240 - Cannot read IP mode file for STMicroelectronics.X-CUBE-DPower.1.3.0
2026-02-08 14:51:25,274 [WARN] ConditionMgr:438 - getConditionDescription Invalid condition id : LAN8742 Phy interface Condition cause : null
2026-02-08 14:51:25,275 [WARN] PackLoader:240 - Cannot read IP mode file for STMicroelectronics.X-CUBE-AZRTOS-L4.2.0.0
2026-02-08 14:51:25,276 [WARN] ConditionMgr:1039 - genDependencies : Invalid condition id : LAN8742 Phy interface Condition cause : null
2026-02-08 14:51:25,276 [WARN] ConditionMgr:1039 - genDependencies : Invalid condition id : LAN8742 Phy interface Condition cause : null
2026-02-08 14:51:25,277 [WARN] ConditionMgr:1039 - genDependencies : Invalid condition id : LAN8742 Phy interface Condition cause : null
2026-02-08 14:51:25,287 [WARN] PackLoader:240 - Cannot read IP mode file for STMicroelectronics.X-CUBE-SFXS2LP1.4.0.0
2026-02-08 14:51:25,292 [ERROR] Engine:466 - C:\Users\bahad\.stm32cubemx\thirdparties\pdsc\STMicroelectronics.X-CUBE-ST67W61.1.2.0.pdsc: PDSC version is not supported
2026-02-08 14:51:25,302 [INFO] WebApp:448 - Apply proxy settings
2026-02-08 14:51:25,303 [INFO] WebApp:533 - Chromium requires no authentication
2026-02-08 14:51:25,305 [WARN] PackLoader:240 - Cannot read IP mode file for STMicroelectronics.X-CUBE-AZRTOS-H7.3.3.0
2026-02-08 14:51:25,311 [ERROR] Engine:466 - C:\Users\bahad\.stm32cubemx\thirdparties\pdsc\STMicroelectronics.X-CUBE-BLEMGR.4.1.0.pdsc: PDSC version is not supported
2026-02-08 14:51:25,313 [INFO] WebApp:476 - Direct internet connection detected
2026-02-08 14:51:25,317 [WARN] PackLoader:240 - Cannot read IP mode file for STMicroelectronics.X-CUBE-IPS.3.0.0
2026-02-08 14:51:25,330 [WARN] ConditionMgr:438 - getConditionDescription Invalid condition id : UX DEVICE CLASS RTOS Condition cause : null
2026-02-08 14:51:25,330 [WARN] ConditionMgr:438 - getConditionDescription Invalid condition id : UX DEVICE CLASS RTOS Condition cause : null
2026-02-08 14:51:25,331 [WARN] PackLoader:240 - Cannot read IP mode file for STMicroelectronics.X-CUBE-AZRTOS-WB.2.0.0
2026-02-08 14:51:25,331 [WARN] ConditionMgr:1039 - genDependencies : Invalid condition id : UX DEVICE CLASS RTOS Condition cause : null
2026-02-08 14:51:25,331 [WARN] ConditionMgr:1039 - genDependencies : Invalid condition id : UX DEVICE CLASS RTOS Condition cause : null
2026-02-08 14:51:25,332 [WARN] ConditionMgr:1039 - genDependencies : Invalid condition id : UX DEVICE CLASS RTOS Condition cause : null
2026-02-08 14:51:25,332 [WARN] ConditionMgr:1039 - genDependencies : Invalid condition id : UX DEVICE CLASS RTOS Condition cause : null
2026-02-08 14:51:25,332 [WARN] ConditionMgr:1039 - genDependencies : Invalid condition id : UX DEVICE CLASS RTOS Condition cause : null
2026-02-08 14:51:25,336 [WARN] PackLoader:240 - Cannot read IP mode file for STMicroelectronics.X-CUBE-GNSS1.7.0.0
2026-02-08 14:51:25,341 [WARN] PackLoader:240 - Cannot read IP mode file for STMicroelectronics.X-CUBE-GNSS1.7.0.1
2026-02-08 14:51:25,344 [WARN] PackLoader:240 - Cannot read IP mode file for STMicroelectronics.X-CUBE-TOUCHGFX.4.25.0
2026-02-08 14:51:25,349 [INFO] WebApp:869 - Register for checkConnection events
2026-02-08 14:51:25,349 [INFO] WebApp:448 - Apply proxy settings
2026-02-08 14:51:25,349 [INFO] WebApp:533 - Chromium requires no authentication
2026-02-08 14:51:25,350 [WARN] PackLoader:240 - Cannot read IP mode file for STMicroelectronics.FP-SNS-STBOX1.2.0.0
2026-02-08 14:51:25,350 [INFO] WebApp:476 - Direct internet connection detected
2026-02-08 14:51:25,357 [WARN] PackLoader:240 - Cannot read IP mode file for STMicroelectronics.X-CUBE-STSE01.2.0.0
2026-02-08 14:51:25,367 [WARN] PackLoader:240 - Cannot read IP mode file for STMicroelectronics.X-CUBE-SUBG2.5.0.0
2026-02-08 14:51:25,381 [WARN] PackLoader:240 - Cannot read IP mode file for STMicroelectronics.X-CUBE-AZRTOS-H7RS.1.1.0
2026-02-08 14:51:25,390 [WARN] PackLoader:240 - Cannot read IP mode file for Cesanta.I-CUBE-Mongoose.7.13.0
2026-02-08 14:51:25,403 [WARN] PackLoader:240 - Cannot read IP mode file for STMicroelectronics.X-CUBE-AZRTOS-G4.2.0.0
2026-02-08 14:51:25,408 [WARN] PackLoader:240 - Cannot read IP mode file for STMicroelectronics.X-CUBE-NFC7.2.0.0
2026-02-08 14:51:25,412 [ERROR] Engine:466 - C:\Users\bahad\.stm32cubemx\thirdparties\pdsc\STMicroelectronics.X-CUBE-IPS.3.1.0.pdsc: PDSC version is not supported
2026-02-08 14:51:25,417 [WARN] PackLoader:240 - Cannot read IP mode file for STMicroelectronics.X-CUBE-ALS.1.0.2
2026-02-08 14:51:25,421 [WARN] PackLoader:240 - Cannot read IP mode file for STMicroelectronics.X-CUBE-TOUCHGFX.4.24.1
2026-02-08 14:51:25,425 [WARN] PackLoader:240 - Cannot read IP mode file for STMicroelectronics.X-CUBE-STSE01.1.0.0
2026-02-08 14:51:25,429 [WARN] PackLoader:240 - Cannot read IP mode file for wolfSSL.I-CUBE-wolfTPM.3.4.0
2026-02-08 14:51:25,436 [WARN] PackLoader:240 - Cannot read IP mode file for portGmbH.I-Cube-SoM-uGOAL.1.1.0
2026-02-08 14:51:25,447 [WARN] PackLoader:240 - Cannot read IP mode file for STMicroelectronics.X-CUBE-AZRTOS-H7RS.1.0.0
2026-02-08 14:51:25,454 [WARN] PackLoader:240 - Cannot read IP mode file for STMicroelectronics.X-CUBE-TOF1.3.4.2
2026-02-08 14:51:25,465 [ERROR] Engine:466 - C:\Users\bahad\.stm32cubemx\thirdparties\pdsc\STMicroelectronics.X-CUBE-TOF1.3.4.3.pdsc: PDSC version is not supported
2026-02-08 14:51:25,469 [WARN] PackLoader:240 - Cannot read IP mode file for wolfSSL.I-CUBE-wolfSSH.1.4.17
2026-02-08 14:51:25,470 [INFO] ThirdParty:978 - Integrity check success = true
2026-02-08 14:51:25,470 [INFO] IntegrityCheckThread:100 - exiting critical section [integrity check]
2026-02-08 14:51:25,470 [INFO] IntegrityCheckThread:103 - End integrity checks thread
2026-02-08 14:51:25,525 [INFO] WebApp:186 - Connection restablished
2026-02-08 14:51:25,622 [INFO] WebApp:220 - Starting web application
2026-02-08 14:51:25,623 [INFO] WebApp:578 - Web application path used C:\ST\STM32CubeIDE_1.16.1\STM32CubeIDE\plugins\com.st.stm32cube.common.mx_6.12.1.202409122256\db\plugins\mcufinder\reactClient1\index.html
2026-02-08 17:38:31,031 [ERROR] LogOutputStream:75 - [STDERR_REDIRECT] 
