2026-02-04 20:02:52,743 [INFO] Activator:176 - 


2026-02-04 20:02:52,751 [INFO] Activator:177 - !SESSION log4j initialized
2026-02-04 20:02:57,335 [INFO] LogOutputStream:77 - [STDOUT_REDIRECT] 
2026-02-04 20:03:03,250 [INFO] ApplicationProperties:184 - Using Application install path: C:\ST\STM32CubeIDE_1.16.1\STM32CubeIDE\plugins\com.st.stm32cube.common.mx_6.12.1.202409122256
2026-02-04 20:03:03,266 [INFO] DbMcusXml:78 - Set database path to: C:\ST\STM32CubeIDE_1.16.1\STM32CubeIDE\plugins\com.st.stm32cube.common.mx_6.12.1.202409122256\\db\/mcu/
2026-02-04 20:03:03,266 [INFO] ApiDb:274 - Set plugin database path to: C:\ST\STM32CubeIDE_1.16.1\STM32CubeIDE\plugins\com.st.stm32cube.common.mx_6.12.1.202409122256\\db\/plugins/boardmanager/
2026-02-04 20:03:03,267 [WARN] ApiDb:259 - Overriding images path with different value:  => C:\ST\STM32CubeIDE_1.16.1\STM32CubeIDE\plugins\com.st.stm32cube.common.mx_6.12.1.202409122256\\db\/plugins/mcufinder/images/
2026-02-04 20:03:03,275 [INFO] ApiDb:250 - Set database path to: C:\Users\bahad\.stmcufinder\plugins\mcufinder//mcu/
2026-02-04 20:03:03,277 [INFO] DbMcusAds:125 - Set database path to: C:\Users\bahad\.stmcufinder\plugins\mcufinder//mcu/
2026-02-04 20:03:03,279 [INFO] CrossReferenceDbSqlite:203 - Set database path to: C:\Users\bahad\.stmcufinder\plugins\mcufinder//mcu/cs/
2026-02-04 20:03:03,370 [INFO] RulesReader:64 - Compatibility file has been processed (297 Rules)
2026-02-04 20:03:03,436 [INFO] DbMcusXml:78 - Set database path to: C:\ST\STM32CubeIDE_1.16.1\STM32CubeIDE\plugins\com.st.stm32cube.common.mx_6.12.1.202409122256\\db\/mcu/
2026-02-04 20:03:03,437 [INFO] ApiDb:274 - Set plugin database path to: C:\ST\STM32CubeIDE_1.16.1\STM32CubeIDE\plugins\com.st.stm32cube.common.mx_6.12.1.202409122256\\db\/plugins/boardmanager/
2026-02-04 20:03:03,437 [INFO] ApiDb:261 - Set plugin images path to: C:\ST\STM32CubeIDE_1.16.1\STM32CubeIDE\plugins\com.st.stm32cube.common.mx_6.12.1.202409122256\\db\/plugins/mcufinder/images/
2026-02-04 20:03:03,437 [WARN] DbFile:41 - Overriding database path with different value: C:\Users\bahad\.stmcufinder\plugins\mcufinder/ => C:\Users\bahad\.stmcufinder\plugins\mcufinder
2026-02-04 20:03:03,437 [INFO] ApiDb:250 - Set database path to: C:\Users\bahad\.stmcufinder\plugins\mcufinder//mcu/
2026-02-04 20:03:03,437 [WARN] DbFile:41 - Overriding database path with different value: C:\Users\bahad\.stmcufinder\plugins\mcufinder/ => C:\Users\bahad\.stmcufinder\plugins\mcufinder
2026-02-04 20:03:03,437 [INFO] DbMcusAds:125 - Set database path to: C:\Users\bahad\.stmcufinder\plugins\mcufinder//mcu/
2026-02-04 20:03:03,437 [WARN] DbFile:41 - Overriding database path with different value: C:\Users\bahad\.stmcufinder\plugins\mcufinder/ => C:\Users\bahad\.stmcufinder\plugins\mcufinder
2026-02-04 20:03:03,437 [WARN] DbFile:41 - Overriding database path with different value: C:\Users\bahad\.stmcufinder\plugins\mcufinder/ => C:\Users\bahad\.stmcufinder\plugins\mcufinder
2026-02-04 20:03:03,437 [INFO] CrossReferenceDbSqlite:203 - Set database path to: C:\Users\bahad\.stmcufinder\plugins\mcufinder//mcu/cs/
2026-02-04 20:03:03,504 [INFO] MainPanel:268 - HeapMemory: 268435456
2026-02-04 20:03:03,591 [INFO] DbMcusXml:78 - Set database path to: C:\ST\STM32CubeIDE_1.16.1\STM32CubeIDE\plugins\com.st.stm32cube.common.mx_6.12.1.202409122256\\db\/mcu/
2026-02-04 20:03:03,591 [INFO] ApiDb:274 - Set plugin database path to: C:\ST\STM32CubeIDE_1.16.1\STM32CubeIDE\plugins\com.st.stm32cube.common.mx_6.12.1.202409122256\\db\/plugins/boardmanager/
2026-02-04 20:03:03,591 [INFO] ApiDb:261 - Set plugin images path to: C:\ST\STM32CubeIDE_1.16.1\STM32CubeIDE\plugins\com.st.stm32cube.common.mx_6.12.1.202409122256\\db\/plugins/mcufinder/images/
2026-02-04 20:03:03,591 [WARN] DbFile:41 - Overriding database path with different value: C:\Users\bahad\.stmcufinder\plugins\mcufinder/ => C:\Users\bahad\.stmcufinder\plugins\mcufinder
2026-02-04 20:03:03,592 [INFO] ApiDb:250 - Set database path to: C:\Users\bahad\.stmcufinder\plugins\mcufinder//mcu/
2026-02-04 20:03:03,592 [WARN] DbFile:41 - Overriding database path with different value: C:\Users\bahad\.stmcufinder\plugins\mcufinder/ => C:\Users\bahad\.stmcufinder\plugins\mcufinder
2026-02-04 20:03:03,592 [INFO] DbMcusAds:125 - Set database path to: C:\Users\bahad\.stmcufinder\plugins\mcufinder//mcu/
2026-02-04 20:03:03,592 [WARN] DbFile:41 - Overriding database path with different value: C:\Users\bahad\.stmcufinder\plugins\mcufinder/ => C:\Users\bahad\.stmcufinder\plugins\mcufinder
2026-02-04 20:03:03,592 [WARN] DbFile:41 - Overriding database path with different value: C:\Users\bahad\.stmcufinder\plugins\mcufinder/ => C:\Users\bahad\.stmcufinder\plugins\mcufinder
2026-02-04 20:03:03,592 [INFO] CrossReferenceDbSqlite:203 - Set database path to: C:\Users\bahad\.stmcufinder\plugins\mcufinder//mcu/cs/
2026-02-04 20:03:03,607 [INFO] ApplicationProperties:184 - Using Application install path: C:\ST\STM32CubeIDE_1.16.1\STM32CubeIDE\plugins\com.st.stm32cube.common.mx_6.12.1.202409122256
2026-02-04 20:03:03,608 [INFO] PluginManage:196 - Search for loadable plugins [exclusion list=, ]
2026-02-04 20:03:03,609 [INFO] PluginManage:310 - Check plugin analytics
2026-02-04 20:03:08,724 [INFO] AnalyticsPlugin:253 - Accepted Software Licenses: STM32CubeMX.6.12.1
2026-02-04 20:03:08,725 [INFO] AnalyticsPlugin:255 - Accepted CMSIS Pack Licenses: 
2026-02-04 20:03:08,725 [INFO] AnalyticsPlugin:257 - Accepted Firmware Licenses: FW.F4.1.28.0
2026-02-04 20:03:08,726 [INFO] PluginManage:359 - Loaded plugin analytics (category:tool,tabindex:-1)
2026-02-04 20:03:08,727 [INFO] PluginManage:310 - Check plugin cadmodel
2026-02-04 20:03:08,732 [INFO] CADModel:105 - Init CAD model plugin
2026-02-04 20:03:08,732 [INFO] PluginManage:359 - Loaded plugin cadmodel (category:power,tabindex:5)
2026-02-04 20:03:08,732 [INFO] PluginManage:310 - Check plugin clock
2026-02-04 20:03:08,742 [INFO] PluginManage:359 - Loaded plugin clock (category:base,tabindex:2)
2026-02-04 20:03:08,742 [INFO] PluginManage:310 - Check plugin ddr
2026-02-04 20:03:08,744 [INFO] PluginManage:359 - Loaded plugin ddr (category:tool,tabindex:6)
2026-02-04 20:03:08,744 [INFO] PluginManage:310 - Check plugin filemanager
2026-02-04 20:03:08,873 [INFO] PluginManage:359 - Loaded plugin filemanager (category:base,tabindex:10)
2026-02-04 20:03:08,873 [INFO] PluginManage:310 - Check plugin ipmanager
2026-02-04 20:03:08,880 [INFO] PluginManage:359 - Loaded plugin ipmanager (category:base,tabindex:5)
2026-02-04 20:03:08,880 [INFO] PluginManage:310 - Check plugin lpbam
2026-02-04 20:03:08,888 [INFO] PluginManage:359 - Loaded plugin lpbam (category:base,tabindex:0)
2026-02-04 20:03:08,888 [INFO] PluginManage:310 - Check plugin memorymap
2026-02-04 20:03:08,899 [INFO] PluginManage:359 - Loaded plugin memorymap (category:base,tabindex:4)
2026-02-04 20:03:08,899 [INFO] PluginManage:310 - Check plugin pinoutandconfiguration
2026-02-04 20:03:08,906 [INFO] PluginManage:359 - Loaded plugin pinoutandconfiguration (category:base,tabindex:1)
2026-02-04 20:03:08,906 [INFO] PluginManage:310 - Check plugin pinoutconfig
2026-02-04 20:03:08,977 [WARN] SupportedApi:132 - Cannot load RTOS API schema: s4s-elt-must-match.1: The content of 'definitions' must match (annotation?, (simpleType | complexType)?, (unique | key | keyref)*)). A problem was found starting at: attribute.
2026-02-04 20:03:09,071 [INFO] PluginManage:359 - Loaded plugin pinoutconfig (category:base,tabindex:0)
2026-02-04 20:03:09,072 [INFO] PluginManage:310 - Check plugin power
2026-02-04 20:03:09,078 [INFO] PluginManage:359 - Loaded plugin power (category:power,tabindex:4)
2026-02-04 20:03:09,078 [INFO] PluginManage:310 - Check plugin projectmanager
2026-02-04 20:03:09,092 [INFO] PluginManage:359 - Loaded plugin projectmanager (category:projectmanager,tabindex:4)
2026-02-04 20:03:09,092 [INFO] PluginManage:310 - Check plugin rif
2026-02-04 20:03:09,096 [INFO] PluginManage:359 - Loaded plugin rif (category:base,tabindex:3)
2026-02-04 20:03:09,097 [INFO] PluginManage:310 - Check plugin thirdparty
2026-02-04 20:03:09,215 [INFO] PluginManage:359 - Loaded plugin thirdparty (category:base,tabindex:-1)
2026-02-04 20:03:09,215 [WARN] IntegrityCheckThread:84 - waiting for thirdparty lock release [integrity check]
2026-02-04 20:03:09,215 [INFO] PluginManage:310 - Check plugin tools
2026-02-04 20:03:09,215 [INFO] IntegrityCheckThread:86 - entering critical section [integrity check]
2026-02-04 20:03:09,216 [INFO] ThirdPartyUpdaterWithRetryManager:70 - Updater plugin not ready yet. [1/15]
2026-02-04 20:03:09,218 [INFO] PluginManage:359 - Loaded plugin tools (category:base,tabindex:7)
2026-02-04 20:03:09,218 [INFO] PluginManage:310 - Check plugin tutovideos
2026-02-04 20:03:09,380 [INFO] PluginManage:359 - Loaded plugin tutovideos (category:base,tabindex:-1)
2026-02-04 20:03:09,381 [INFO] PluginManage:310 - Check plugin updater
2026-02-04 20:03:09,394 [INFO] PluginManage:359 - Loaded plugin updater (category:base,tabindex:12)
2026-02-04 20:03:09,395 [INFO] PluginManage:310 - Check plugin userauth
2026-02-04 20:03:09,399 [INFO] UserAuth:113 - Init User Auth plugin
2026-02-04 20:03:09,399 [INFO] PluginManage:359 - Loaded plugin userauth (category:base,tabindex:14)
2026-02-04 20:03:09,399 [INFO] PluginManage:283 - PluginManage : Loaded plugins [18]
2026-02-04 20:03:09,555 [INFO] PinOutPanel:1561 - setPackage(No Configuration,No Configuration)
2026-02-04 20:03:09,625 [INFO] CADModel:165 - CPN selected for project level
2026-02-04 20:03:09,625 [INFO] CADModel:114 - Register for checkConnection events
2026-02-04 20:03:09,638 [INFO] IPUIPlugin:80 - create IPUIPlugin
2026-02-04 20:03:09,638 [INFO] PluginManager:220 - loadIPPluginJar : add adc
2026-02-04 20:03:09,641 [INFO] IPUIPlugin:80 - create IPUIPlugin
2026-02-04 20:03:09,641 [INFO] PluginManager:220 - loadIPPluginJar : add aes
2026-02-04 20:03:09,643 [INFO] IPUIPlugin:80 - create IPUIPlugin
2026-02-04 20:03:09,643 [INFO] PluginManager:220 - loadIPPluginJar : add can
2026-02-04 20:03:09,645 [INFO] IPUIPlugin:80 - create IPUIPlugin
2026-02-04 20:03:09,645 [INFO] PluginManager:220 - loadIPPluginJar : add comp
2026-02-04 20:03:09,647 [INFO] IPUIPlugin:80 - create IPUIPlugin
2026-02-04 20:03:09,647 [INFO] PluginManager:220 - loadIPPluginJar : add cryp
2026-02-04 20:03:09,649 [INFO] IPUIPlugin:80 - create IPUIPlugin
2026-02-04 20:03:09,649 [INFO] PluginManager:220 - loadIPPluginJar : add ddr_ctrl_phy
2026-02-04 20:03:09,651 [INFO] IPUIPlugin:80 - create IPUIPlugin
2026-02-04 20:03:09,651 [INFO] PluginManager:220 - loadIPPluginJar : add dfsdm
2026-02-04 20:03:09,655 [INFO] IPUIPlugin:80 - create IPUIPlugin
2026-02-04 20:03:09,656 [INFO] PluginManager:220 - loadIPPluginJar : add dma
2026-02-04 20:03:09,658 [INFO] IPUIPlugin:80 - create IPUIPlugin
2026-02-04 20:03:09,658 [INFO] PluginManager:220 - loadIPPluginJar : add dma3
2026-02-04 20:03:09,661 [INFO] IPUIPlugin:80 - create IPUIPlugin
2026-02-04 20:03:09,661 [INFO] PluginManager:220 - loadIPPluginJar : add extmemmanager
2026-02-04 20:03:09,661 [INFO] IPUIPlugin:80 - create IPUIPlugin
2026-02-04 20:03:09,661 [INFO] PluginManager:220 - loadIPPluginJar : add fatfs
2026-02-04 20:03:09,666 [INFO] IPUIPlugin:80 - create IPUIPlugin
2026-02-04 20:03:09,666 [INFO] PluginManager:220 - loadIPPluginJar : add fmc
2026-02-04 20:03:09,670 [INFO] IPUIPlugin:80 - create IPUIPlugin
2026-02-04 20:03:09,670 [INFO] PluginManager:220 - loadIPPluginJar : add freertos
2026-02-04 20:03:09,671 [INFO] IPUIPlugin:80 - create IPUIPlugin
2026-02-04 20:03:09,671 [INFO] PluginManager:220 - loadIPPluginJar : add genericplugin
2026-02-04 20:03:09,672 [INFO] IPUIPlugin:80 - create IPUIPlugin
2026-02-04 20:03:09,672 [INFO] PluginManager:220 - loadIPPluginJar : add gfxmmu
2026-02-04 20:03:09,676 [INFO] IPUIPlugin:80 - create IPUIPlugin
2026-02-04 20:03:09,676 [INFO] PluginManager:220 - loadIPPluginJar : add gic
2026-02-04 20:03:09,679 [INFO] IPUIPlugin:80 - create IPUIPlugin
2026-02-04 20:03:09,679 [INFO] PluginManager:220 - loadIPPluginJar : add gpio
2026-02-04 20:03:09,681 [INFO] IPUIPlugin:80 - create IPUIPlugin
2026-02-04 20:03:09,681 [INFO] PluginManager:220 - loadIPPluginJar : add gtzc
2026-02-04 20:03:09,683 [INFO] IPUIPlugin:80 - create IPUIPlugin
2026-02-04 20:03:09,683 [INFO] PluginManager:220 - loadIPPluginJar : add hash
2026-02-04 20:03:09,684 [INFO] IPUIPlugin:80 - create IPUIPlugin
2026-02-04 20:03:09,684 [INFO] PluginManager:220 - loadIPPluginJar : add i2c
2026-02-04 20:03:09,687 [INFO] IPUIPlugin:80 - create IPUIPlugin
2026-02-04 20:03:09,687 [INFO] PluginManager:220 - loadIPPluginJar : add i2s
2026-02-04 20:03:09,690 [INFO] IPUIPlugin:80 - create IPUIPlugin
2026-02-04 20:03:09,690 [INFO] PluginManager:220 - loadIPPluginJar : add i3c
2026-02-04 20:03:09,692 [INFO] IPUIPlugin:80 - create IPUIPlugin
2026-02-04 20:03:09,692 [INFO] PluginManager:220 - loadIPPluginJar : add ipddr
2026-02-04 20:03:09,697 [INFO] IPUIPlugin:80 - create IPUIPlugin
2026-02-04 20:03:09,697 [INFO] PluginManager:220 - loadIPPluginJar : add linkedlist
2026-02-04 20:03:09,699 [INFO] IPUIPlugin:80 - create IPUIPlugin
2026-02-04 20:03:09,699 [INFO] PluginManager:220 - loadIPPluginJar : add lorawan
2026-02-04 20:03:09,700 [INFO] IPUIPlugin:80 - create IPUIPlugin
2026-02-04 20:03:09,700 [INFO] PluginManager:220 - loadIPPluginJar : add ltdc
2026-02-04 20:03:09,703 [INFO] IPUIPlugin:80 - create IPUIPlugin
2026-02-04 20:03:09,703 [INFO] PluginManager:220 - loadIPPluginJar : add mdma
2026-02-04 20:03:09,706 [INFO] IPUIPlugin:80 - create IPUIPlugin
2026-02-04 20:03:09,706 [INFO] PluginManager:220 - loadIPPluginJar : add nvic
2026-02-04 20:03:09,708 [INFO] IPUIPlugin:80 - create IPUIPlugin
2026-02-04 20:03:09,708 [INFO] PluginManager:220 - loadIPPluginJar : add opamp
2026-02-04 20:03:09,711 [INFO] IPUIPlugin:80 - create IPUIPlugin
2026-02-04 20:03:09,711 [INFO] PluginManager:220 - loadIPPluginJar : add openamp
2026-02-04 20:03:09,714 [INFO] IPUIPlugin:80 - create IPUIPlugin
2026-02-04 20:03:09,714 [INFO] PluginManager:220 - loadIPPluginJar : add pdm2pcm
2026-02-04 20:03:09,718 [INFO] IPUIPlugin:80 - create IPUIPlugin
2026-02-04 20:03:09,721 [INFO] PluginManager:220 - loadIPPluginJar : add plateformsettings
2026-02-04 20:03:09,722 [INFO] IPUIPlugin:80 - create IPUIPlugin
2026-02-04 20:03:09,722 [INFO] PluginManager:220 - loadIPPluginJar : add quadspi
2026-02-04 20:03:09,723 [INFO] IPUIPlugin:80 - create IPUIPlugin
2026-02-04 20:03:09,724 [INFO] PluginManager:220 - loadIPPluginJar : add radio
2026-02-04 20:03:09,727 [INFO] IPUIPlugin:80 - create IPUIPlugin
2026-02-04 20:03:09,727 [INFO] PluginManager:220 - loadIPPluginJar : add resmgrutility
2026-02-04 20:03:09,729 [INFO] IPUIPlugin:80 - create IPUIPlugin
2026-02-04 20:03:09,729 [INFO] PluginManager:220 - loadIPPluginJar : add sai
2026-02-04 20:03:09,731 [INFO] IPUIPlugin:80 - create IPUIPlugin
2026-02-04 20:03:09,731 [INFO] PluginManager:220 - loadIPPluginJar : add spi
2026-02-04 20:03:09,735 [INFO] IPUIPlugin:80 - create IPUIPlugin
2026-02-04 20:03:09,735 [INFO] PluginManager:220 - loadIPPluginJar : add stm32_wpan
2026-02-04 20:03:09,736 [INFO] IPUIPlugin:80 - create IPUIPlugin
2026-02-04 20:03:09,736 [INFO] PluginManager:220 - loadIPPluginJar : add tim
2026-02-04 20:03:09,738 [INFO] IPUIPlugin:80 - create IPUIPlugin
2026-02-04 20:03:09,738 [INFO] PluginManager:220 - loadIPPluginJar : add touchsensing
2026-02-04 20:03:09,740 [INFO] IPUIPlugin:80 - create IPUIPlugin
2026-02-04 20:03:09,740 [INFO] PluginManager:220 - loadIPPluginJar : add tracer_emb
2026-02-04 20:03:09,742 [INFO] IPUIPlugin:80 - create IPUIPlugin
2026-02-04 20:03:09,742 [INFO] PluginManager:220 - loadIPPluginJar : add ts
2026-02-04 20:03:09,744 [INFO] IPUIPlugin:80 - create IPUIPlugin
2026-02-04 20:03:09,744 [INFO] PluginManager:220 - loadIPPluginJar : add tsc
2026-02-04 20:03:09,745 [INFO] IPUIPlugin:80 - create IPUIPlugin
2026-02-04 20:03:09,745 [INFO] PluginManager:220 - loadIPPluginJar : add ucpd
2026-02-04 20:03:09,746 [INFO] IPUIPlugin:80 - create IPUIPlugin
2026-02-04 20:03:09,747 [INFO] PluginManager:220 - loadIPPluginJar : add usart
2026-02-04 20:03:09,750 [INFO] IPUIPlugin:80 - create IPUIPlugin
2026-02-04 20:03:09,750 [INFO] PluginManager:220 - loadIPPluginJar : add usbx
2026-02-04 20:03:09,860 [INFO] CADModel:165 - CPN selected for project level
2026-02-04 20:03:09,860 [INFO] CADModel:114 - Register for checkConnection events
2026-02-04 20:03:09,861 [FATAL] Updater:334 - Updater called before beeing initialized
2026-02-04 20:03:09,861 [ERROR] CADModel:125 - Updater not yet initialized, retry later 
2026-02-04 20:03:09,956 [INFO] CADModel:165 - CPN selected for project level
2026-02-04 20:03:09,956 [INFO] CADModel:114 - Register for checkConnection events
2026-02-04 20:03:09,956 [FATAL] Updater:334 - Updater called before beeing initialized
2026-02-04 20:03:09,956 [ERROR] CADModel:125 - Updater not yet initialized, retry later 
2026-02-04 20:03:09,959 [FATAL] Updater:334 - Updater called before beeing initialized
2026-02-04 20:03:10,037 [FATAL] Updater:334 - Updater called before beeing initialized
2026-02-04 20:03:10,040 [INFO] DbMcusAds:53 - JSON generation date=Thu Jan 08 16:57:51 CET 2026 (1767887871456)
2026-02-04 20:03:10,040 [FATAL] Updater:334 - Updater called before beeing initialized
2026-02-04 20:03:10,071 [WARN] DetailPanel:346 - Failed to get advertising image, set to default
2026-02-04 20:03:10,143 [FATAL] Updater:334 - Updater called before beeing initialized
2026-02-04 20:03:10,144 [FATAL] Updater:334 - Updater called before beeing initialized
2026-02-04 20:03:10,144 [FATAL] Updater:334 - Updater called before beeing initialized
2026-02-04 20:03:10,145 [WARN] DetailPanel:346 - Failed to get advertising image, set to default
2026-02-04 20:03:10,145 [FATAL] Updater:334 - Updater called before beeing initialized
2026-02-04 20:03:10,184 [ERROR] Updater:1164 - MainUpdater not yet initialized. External WinMGr cannot be set.
2026-02-04 20:03:10,185 [INFO] Updater:1100 - Updater Version found : 6.12.1
2026-02-04 20:03:10,203 [INFO] ApplicationProperties:184 - Using Application install path: C:\ST\STM32CubeIDE_1.16.1\STM32CubeIDE\plugins\com.st.stm32cube.common.mx_6.12.1.202409122256
2026-02-04 20:03:11,773 [ERROR] LogOutputStream:75 - [STDERR_REDIRECT] Feb 04, 2026 8:03:11 PM java.util.prefs.WindowsPreferences <init>
2026-02-04 20:03:11,774 [ERROR] LogOutputStream:75 - [STDERR_REDIRECT] WARNING: Could not open/create prefs root node Software\JavaSoft\Prefs at root 0xffffffff80000002. Windows RegCreateKeyEx(...) returned error code 5.
2026-02-04 20:03:11,774 [ERROR] LogOutputStream:75 - [STDERR_REDIRECT] 
2026-02-04 20:03:12,065 [INFO] MainUpdater:2873 - connection check result : 10
2026-02-04 20:03:12,066 [INFO] MainUpdater:290 - Updater Check For Update Now.
2026-02-04 20:03:12,066 [INFO] MicroXplorer:498 - Change Database Version : DB.6.0.121
2026-02-04 20:03:12,070 [INFO] McuFinderGlobals:63 - Set McuFinder mode to 2 (CubeIDE integrated)
2026-02-04 20:03:12,070 [INFO] UserAuth:179 - activating auth plugin
2026-02-04 20:03:12,073 [INFO] UserAuth:417 - Internet connection configuration mode: 1
2026-02-04 20:03:12,093 [INFO] JxBrowserEngine:152 - Initiate JxBrowser Engine with user profile folder
2026-02-04 20:03:12,218 [WARN] MainUpdater:1194 - Updater busy. Cannot search thirdparties
2026-02-04 20:03:12,218 [INFO] ThirdPartyUpdaterWithRetryManager:96 - Updater plugin is busy. [1/15]
2026-02-04 20:03:12,249 [INFO] CheckServerUpdateThread:120 - End of CheckServer Thread
2026-02-04 20:03:12,848 [INFO] WebApp:167 - Instantiating new browser for Auth
2026-02-04 20:03:13,495 [INFO] WebApp:448 - Apply proxy settings
2026-02-04 20:03:13,495 [INFO] WebApp:533 - Chromium requires no authentication
2026-02-04 20:03:13,514 [INFO] WebApp:476 - Direct internet connection detected
2026-02-04 20:03:13,551 [INFO] WebApp:869 - Register for checkConnection events
2026-02-04 20:03:13,551 [INFO] WebApp:448 - Apply proxy settings
2026-02-04 20:03:13,551 [INFO] WebApp:533 - Chromium requires no authentication
2026-02-04 20:03:13,551 [INFO] WebApp:476 - Direct internet connection detected
2026-02-04 20:03:13,720 [INFO] WebApp:186 - Connection restablished
2026-02-04 20:03:13,730 [INFO] WebApp:220 - Starting web application
2026-02-04 20:03:13,730 [INFO] WebApp:578 - Web application path used C:\ST\STM32CubeIDE_1.16.1\STM32CubeIDE\plugins\com.st.stm32cube.common.mx_6.12.1.202409122256\db\plugins\mcufinder\reactClient1\index.html
2026-02-04 20:03:15,489 [WARN] PackLoader:240 - Cannot read IP mode file for STMicroelectronics.FP-SNS-MOTENVWB1.1.4.0
2026-02-04 20:03:15,495 [WARN] PackLoader:240 - Cannot read IP mode file for STMicroelectronics.FP-ATR-ASTRA1.2.0.2
2026-02-04 20:03:15,498 [WARN] PackLoader:240 - Cannot read IP mode file for STMicroelectronics.FP-ATR-ASTRA1.2.0.1
2026-02-04 20:03:15,504 [WARN] PackLoader:240 - Cannot read IP mode file for STMicroelectronics.X-CUBE-SMBUS.2.1.0
2026-02-04 20:03:15,510 [WARN] PackLoader:240 - Cannot read IP mode file for STMicroelectronics.X-CUBE-WB05N.1.1.0
2026-02-04 20:03:15,513 [ERROR] Engine:466 - C:\Users\bahad\.stm32cubemx\thirdparties\pdsc\STMicroelectronics.X-CUBE-ST60.1.0.0.pdsc: PDSC version is not supported
2026-02-04 20:03:15,534 [WARN] PackLoader:240 - Cannot read IP mode file for STMicroelectronics.X-CUBE-AZRTOS-F7.1.1.0
2026-02-04 20:03:15,580 [WARN] PackLoader:240 - Cannot read IP mode file for STMicroelectronics.X-CUBE-MEMS1.11.0.0
2026-02-04 20:03:15,704 [ERROR] Engine:466 - C:\Users\bahad\.stm32cubemx\thirdparties\pdsc\STMicroelectronics.FP-SNS-MOTENV1.5.1.0.pdsc: PDSC version is not supported
2026-02-04 20:03:15,708 [WARN] PackLoader:240 - Cannot read IP mode file for STMicroelectronics.FP-SNS-FLIGHT1.5.0.2
2026-02-04 20:03:15,726 [WARN] PackLoader:240 - Cannot read IP mode file for Infineon.AIROC-Wi-Fi-Bluetooth-STM32.1.7.0
2026-02-04 20:03:15,747 [WARN] PackLoader:240 - Cannot read IP mode file for STMicroelectronics.X-CUBE-AZRTOS-H7.3.4.0
2026-02-04 20:03:15,757 [WARN] PackLoader:240 - Cannot read IP mode file for STMicroelectronics.X-CUBE-DISPLAY.3.0.0
2026-02-04 20:03:15,765 [WARN] PackLoader:240 - Cannot read IP mode file for STMicroelectronics.X-CUBE-BLE1.7.0.0
2026-02-04 20:03:15,771 [WARN] PackLoader:240 - Cannot read IP mode file for STMicroelectronics.X-CUBE-NFC10.1.0.0
2026-02-04 20:03:15,784 [WARN] PackLoader:240 - Cannot read IP mode file for STMicroelectronics.X-CUBE-BLEMGR.4.0.0
2026-02-04 20:03:15,788 [ERROR] Engine:466 - C:\Users\bahad\.stm32cubemx\thirdparties\pdsc\STMicroelectronics.X-CUBE-ST60.1.1.0.pdsc: PDSC version is not supported
2026-02-04 20:03:15,793 [WARN] PackLoader:240 - Cannot read IP mode file for emotas.I-CUBE-CANOPEN.1.3.0
2026-02-04 20:03:15,797 [WARN] PackLoader:240 - Cannot read IP mode file for STMicroelectronics.X-CUBE-GNSS1.7.1.0
2026-02-04 20:03:15,802 [WARN] PackLoader:240 - Cannot read IP mode file for STMicroelectronics.X-CUBE-AI.10.0.0
2026-02-04 20:03:15,806 [ERROR] Engine:466 - C:\Users\bahad\.stm32cubemx\thirdparties\pdsc\STMicroelectronics.FP-SNS-STBOX1.2.1.0.pdsc: PDSC version is not supported
2026-02-04 20:03:15,810 [WARN] PackLoader:240 - Cannot read IP mode file for STMicroelectronics.FP-SNS-SMARTAG2.1.2.0
2026-02-04 20:03:15,812 [ERROR] Engine:466 - C:\Users\bahad\.stm32cubemx\thirdparties\pdsc\STMicroelectronics.FP-SNS-FLIGHT1.5.1.0.pdsc: PDSC version is not supported
2026-02-04 20:03:15,873 [WARN] PackLoader:240 - Cannot read IP mode file for STMicroelectronics.X-CUBE-MEMS1.11.1.0
2026-02-04 20:03:16,000 [INFO] LogOutputStream:77 - [STDOUT_REDIRECT] 1 : Invalid condition id : UX_CORESTACK_Condition cause : null
2026-02-04 20:03:16,001 [INFO] LogOutputStream:77 - [STDOUT_REDIRECT] 1 : Invalid condition id : UX_CORESTACK_Condition cause : null
2026-02-04 20:03:16,002 [INFO] LogOutputStream:77 - [STDOUT_REDIRECT] 1 : Invalid condition id : UX_CORESTACK_Condition cause : null
2026-02-04 20:03:16,003 [INFO] LogOutputStream:77 - [STDOUT_REDIRECT] 1 : Invalid condition id : UX_CORESTACK_Condition cause : null
2026-02-04 20:03:16,004 [INFO] LogOutputStream:77 - [STDOUT_REDIRECT] 1 : Invalid condition id : UX_CORESTACK_Condition cause : null
2026-02-04 20:03:16,007 [WARN] PackLoader:240 - Cannot read IP mode file for STMicroelectronics.X-CUBE-AZRTOS-WL.2.0.0
2026-02-04 20:03:16,012 [WARN] PackLoader:240 - Cannot read IP mode file for STMicroelectronics.FP-SNS-MOTENV1.5.0.0
2026-02-04 20:03:16,027 [WARN] PackLoader:240 - Cannot read IP mode file for STMicroelectronics.X-CUBE-AZRTOS-H7RS.1.2.0
2026-02-04 20:03:16,034 [WARN] PackLoader:240 - Cannot read IP mode file for wolfSSL.I-CUBE-wolfMQTT.1.19.0
2026-02-04 20:03:16,041 [WARN] PackLoader:240 - Cannot read IP mode file for WES.I-CUBE-Cesium.1.3.0
2026-02-04 20:03:16,045 [WARN] PackLoader:240 - Cannot read IP mode file for STMicroelectronics.X-CUBE-BLE2.3.3.0
2026-02-04 20:03:16,047 [ERROR] Engine:466 - C:\Users\bahad\.stm32cubemx\thirdparties\pdsc\Avnet-IOTCONNECT.X-CUBE-iotc-st67-sdk.1.0.0.pdsc: PDSC version is not supported
2026-02-04 20:03:16,053 [WARN] PackLoader:240 - Cannot read IP mode file for STMicroelectronics.X-CUBE-NFC9.1.0.0
2026-02-04 20:03:16,057 [WARN] PackLoader:240 - Cannot read IP mode file for STMicroelectronics.X-CUBE-BLE1.7.1.0
2026-02-04 20:03:16,063 [WARN] PackLoader:240 - Cannot read IP mode file for STMicroelectronics.X-CUBE-TCPP.4.1.0
2026-02-04 20:03:16,066 [ERROR] Engine:466 - C:\Users\bahad\.stm32cubemx\thirdparties\pdsc\STMicroelectronics.X-CUBE-FREERTOS.1.4.0.pdsc: PDSC version is not supported
2026-02-04 20:03:16,071 [WARN] PackLoader:240 - Cannot read IP mode file for STMicroelectronics.X-CUBE-EEPRMA1.5.2.0
2026-02-04 20:03:16,075 [ERROR] Engine:466 - C:\Users\bahad\.stm32cubemx\thirdparties\pdsc\STMicroelectronics.X-CUBE-ST67W61.1.1.0.pdsc: PDSC version is not supported
2026-02-04 20:03:16,077 [WARN] PackLoader:240 - Cannot read IP mode file for STMicroelectronics.X-CUBE-AI.10.1.0
2026-02-04 20:03:16,112 [WARN] PackLoader:240 - Cannot read IP mode file for STMicroelectronics.X-CUBE-MEMS1.12.0.0
2026-02-04 20:03:16,234 [WARN] PackLoader:240 - Cannot read IP mode file for STMicroelectronics.X-CUBE-MEMS1.11.2.0
2026-02-04 20:03:16,344 [WARN] PackLoader:240 - Cannot read IP mode file for STMicroelectronics.X-CUBE-AZRTOS-G0.1.1.0
2026-02-04 20:03:16,352 [WARN] PackLoader:240 - Cannot read IP mode file for STMicroelectronics.X-CUBE-SAFEA1.1.2.2
2026-02-04 20:03:16,358 [WARN] PackLoader:240 - Cannot read IP mode file for STMicroelectronics.X-CUBE-NFC4.3.0.0
2026-02-04 20:03:16,367 [WARN] PackLoader:240 - Cannot read IP mode file for EmbeddedOffice.I-CUBE-FS-RTOS.1.0.1
2026-02-04 20:03:16,368 [ERROR] ConditionMgr:805 - Attr not supported : Dmpu
2026-02-04 20:03:16,368 [ERROR] ConditionMgr:805 - Attr not supported : Dmpu
2026-02-04 20:03:16,368 [ERROR] ConditionMgr:805 - Attr not supported : Dmpu
2026-02-04 20:03:16,368 [ERROR] ConditionMgr:805 - Attr not supported : Dmpu
2026-02-04 20:03:16,368 [ERROR] ConditionMgr:805 - Attr not supported : Dmpu
2026-02-04 20:03:16,368 [ERROR] ConditionMgr:805 - Attr not supported : Dmpu
2026-02-04 20:03:16,368 [ERROR] ConditionMgr:805 - Attr not supported : Dmpu
2026-02-04 20:03:16,368 [ERROR] ConditionMgr:805 - Attr not supported : Dmpu
2026-02-04 20:03:16,368 [ERROR] ConditionMgr:805 - Attr not supported : Dmpu
2026-02-04 20:03:16,368 [ERROR] ConditionMgr:805 - Attr not supported : Dmpu
2026-02-04 20:03:16,368 [ERROR] ConditionMgr:805 - Attr not supported : Dmpu
2026-02-04 20:03:16,369 [ERROR] ConditionMgr:805 - Attr not supported : Dmpu
2026-02-04 20:03:16,369 [ERROR] ConditionMgr:805 - Attr not supported : Dmpu
2026-02-04 20:03:16,369 [ERROR] ConditionMgr:805 - Attr not supported : Dmpu
2026-02-04 20:03:16,369 [ERROR] ConditionMgr:805 - Attr not supported : Dmpu
2026-02-04 20:03:16,369 [ERROR] ConditionMgr:805 - Attr not supported : Dmpu
2026-02-04 20:03:16,369 [ERROR] ConditionMgr:805 - Attr not supported : Dmpu
2026-02-04 20:03:16,369 [ERROR] ConditionMgr:805 - Attr not supported : Dmpu
2026-02-04 20:03:16,369 [ERROR] ConditionMgr:805 - Attr not supported : Dmpu
2026-02-04 20:03:16,369 [ERROR] ConditionMgr:805 - Attr not supported : Dmpu
2026-02-04 20:03:16,369 [ERROR] ConditionMgr:805 - Attr not supported : Dmpu
2026-02-04 20:03:16,369 [ERROR] ConditionMgr:805 - Attr not supported : Dmpu
2026-02-04 20:03:16,369 [ERROR] ConditionMgr:805 - Attr not supported : Dmpu
2026-02-04 20:03:16,369 [ERROR] ConditionMgr:805 - Attr not supported : Dmpu
2026-02-04 20:03:16,369 [ERROR] ConditionMgr:805 - Attr not supported : Dmpu
2026-02-04 20:03:16,369 [ERROR] ConditionMgr:805 - Attr not supported : Dmpu
2026-02-04 20:03:16,369 [ERROR] ConditionMgr:805 - Attr not supported : Dmpu
2026-02-04 20:03:16,369 [ERROR] ConditionMgr:805 - Attr not supported : Dmpu
2026-02-04 20:03:16,369 [ERROR] ConditionMgr:805 - Attr not supported : Dmpu
2026-02-04 20:03:16,369 [ERROR] ConditionMgr:805 - Attr not supported : Dmpu
2026-02-04 20:03:16,369 [ERROR] ConditionMgr:805 - Attr not supported : Dmpu
2026-02-04 20:03:16,369 [ERROR] ConditionMgr:805 - Attr not supported : Dmpu
2026-02-04 20:03:16,369 [ERROR] ConditionMgr:805 - Attr not supported : Dmpu
2026-02-04 20:03:16,369 [ERROR] ConditionMgr:805 - Attr not supported : Dmpu
2026-02-04 20:03:16,369 [ERROR] ConditionMgr:805 - Attr not supported : Dmpu
2026-02-04 20:03:16,369 [ERROR] ConditionMgr:805 - Attr not supported : Dmpu
2026-02-04 20:03:16,369 [ERROR] ConditionMgr:805 - Attr not supported : Dmpu
2026-02-04 20:03:16,369 [ERROR] ConditionMgr:805 - Attr not supported : Dmpu
2026-02-04 20:03:16,369 [ERROR] ConditionMgr:805 - Attr not supported : Dmpu
2026-02-04 20:03:16,369 [ERROR] ConditionMgr:805 - Attr not supported : Dmpu
2026-02-04 20:03:16,370 [ERROR] ConditionMgr:805 - Attr not supported : Dmpu
2026-02-04 20:03:16,370 [ERROR] ConditionMgr:805 - Attr not supported : Dmpu
2026-02-04 20:03:16,370 [ERROR] ConditionMgr:805 - Attr not supported : Dmpu
2026-02-04 20:03:16,370 [ERROR] ConditionMgr:805 - Attr not supported : Dmpu
2026-02-04 20:03:16,370 [ERROR] ConditionMgr:805 - Attr not supported : Dmpu
2026-02-04 20:03:16,370 [ERROR] ConditionMgr:805 - Attr not supported : Dmpu
2026-02-04 20:03:16,370 [ERROR] ConditionMgr:805 - Attr not supported : Dmpu
2026-02-04 20:03:16,370 [ERROR] ConditionMgr:805 - Attr not supported : Dmpu
2026-02-04 20:03:16,370 [ERROR] ConditionMgr:805 - Attr not supported : Dmpu
2026-02-04 20:03:16,370 [ERROR] ConditionMgr:805 - Attr not supported : Dmpu
2026-02-04 20:03:16,370 [ERROR] ConditionMgr:805 - Attr not supported : Dmpu
2026-02-04 20:03:16,370 [ERROR] ConditionMgr:805 - Attr not supported : Dmpu
2026-02-04 20:03:16,370 [ERROR] ConditionMgr:805 - Attr not supported : Dmpu
2026-02-04 20:03:16,370 [ERROR] ConditionMgr:805 - Attr not supported : Dmpu
2026-02-04 20:03:16,370 [ERROR] ConditionMgr:805 - Attr not supported : Dmpu
2026-02-04 20:03:16,370 [ERROR] ConditionMgr:805 - Attr not supported : Dmpu
2026-02-04 20:03:16,370 [ERROR] ConditionMgr:805 - Attr not supported : Dmpu
2026-02-04 20:03:16,370 [ERROR] ConditionMgr:805 - Attr not supported : Dmpu
2026-02-04 20:03:16,370 [ERROR] ConditionMgr:805 - Attr not supported : Dmpu
2026-02-04 20:03:16,370 [ERROR] ConditionMgr:805 - Attr not supported : Dmpu
2026-02-04 20:03:16,370 [ERROR] ConditionMgr:805 - Attr not supported : Dmpu
2026-02-04 20:03:16,371 [ERROR] ConditionMgr:805 - Attr not supported : Dmpu
2026-02-04 20:03:16,371 [ERROR] ConditionMgr:805 - Attr not supported : Dmpu
2026-02-04 20:03:16,371 [ERROR] ConditionMgr:805 - Attr not supported : Dmpu
2026-02-04 20:03:16,375 [WARN] PackLoader:240 - Cannot read IP mode file for STMicroelectronics.X-CUBE-WB05N.2.0.0
2026-02-04 20:03:16,379 [ERROR] Engine:466 - C:\Users\bahad\.stm32cubemx\thirdparties\pdsc\STMicroelectronics.X-CUBE-TCPP.4.2.0.pdsc: PDSC version is not supported
2026-02-04 20:03:16,385 [WARN] PackLoader:240 - Cannot read IP mode file for RealThread.X-CUBE-RT-Thread_Nano.4.1.1
2026-02-04 20:03:16,390 [WARN] PackLoader:240 - Cannot read IP mode file for STMicroelectronics.FP-ATR-SIGFOX1.3.2.0
2026-02-04 20:03:16,394 [WARN] ConditionMgr:438 - getConditionDescription Invalid condition id : Cortex-A Device cause : null
2026-02-04 20:03:16,403 [WARN] ConditionMgr:1039 - genDependencies : Invalid condition id : Cortex-A Device cause : null
2026-02-04 20:03:16,404 [WARN] ConditionMgr:1039 - genDependencies : Invalid condition id : Cortex-A Device cause : null
2026-02-04 20:03:16,404 [WARN] ConditionMgr:1039 - genDependencies : Invalid condition id : Cortex-A Device cause : null
2026-02-04 20:03:16,409 [WARN] PackLoader:240 - Cannot read IP mode file for STMicroelectronics.X-CUBE-EEPRMA1.5.1.0
2026-02-04 20:03:16,415 [WARN] PackLoader:240 - Cannot read IP mode file for wolfSSL.I-CUBE-wolfSSL.5.7.4
2026-02-04 20:03:16,421 [WARN] PackLoader:240 - Cannot read IP mode file for ITTIA_DB.I-CUBE-ITTIADB.8.9.0
2026-02-04 20:03:16,429 [WARN] PackLoader:240 - Cannot read IP mode file for STMicroelectronics.X-CUBE-NFC6.3.2.0
2026-02-04 20:03:16,433 [ERROR] Engine:466 - C:\Users\bahad\.stm32cubemx\thirdparties\pdsc\STMicroelectronics.X-CUBE-ST67W61.1.0.0.pdsc: PDSC version is not supported
2026-02-04 20:03:16,436 [WARN] PackLoader:240 - Cannot read IP mode file for STMicroelectronics.X-CUBE-AI.10.2.0
2026-02-04 20:03:16,454 [WARN] PackLoader:240 - Cannot read IP mode file for SEGGER.I-CUBE-embOS.1.3.1
2026-02-04 20:03:16,481 [WARN] PackLoader:240 - Cannot read IP mode file for STMicroelectronics.X-CUBE-ALGOBUILD.1.4.0
2026-02-04 20:03:16,512 [WARN] PackLoader:240 - Cannot read IP mode file for STMicroelectronics.X-CUBE-MEMS1.11.3.0
2026-02-04 20:03:16,608 [WARN] PackLoader:240 - Cannot read IP mode file for STMicroelectronics.X-CUBE-AI.9.1.0
2026-02-04 20:03:16,613 [WARN] PackLoader:240 - Cannot read IP mode file for STMicroelectronics.X-CUBE-PM33A1.1.0.0
2026-02-04 20:03:16,623 [WARN] PackLoader:240 - Cannot read IP mode file for STMicroelectronics.X-CUBE-AZRTOS-F4.1.1.0
2026-02-04 20:03:16,628 [ERROR] Engine:466 - C:\Users\bahad\.stm32cubemx\thirdparties\pdsc\Avnet-IotConnect.X-CUBE-IoTC-DA16k-PMOD.1.0.0.pdsc: PDSC version is not supported
2026-02-04 20:03:16,630 [WARN] PackLoader:240 - Cannot read IP mode file for STMicroelectronics.X-CUBE-ISPU.2.1.0
2026-02-04 20:03:16,635 [ERROR] Engine:466 - C:\Users\bahad\.stm32cubemx\thirdparties\pdsc\STMicroelectronics.X-CUBE-IPS.3.2.0.pdsc: PDSC version is not supported
2026-02-04 20:03:16,639 [WARN] PackLoader:240 - Cannot read IP mode file for STMicroelectronics.X-CUBE-FREERTOS.1.2.0
2026-02-04 20:03:16,644 [WARN] PackLoader:240 - Cannot read IP mode file for STMicroelectronics.X-CUBE-NFC12.1.0.0
2026-02-04 20:03:16,656 [WARN] PackLoader:240 - Cannot read IP mode file for STMicroelectronics.X-CUBE-AZRTOS-L5.2.0.0
2026-02-04 20:03:16,664 [WARN] PackLoader:240 - Cannot read IP mode file for STMicroelectronics.X-CUBE-NFC6.3.1.0
2026-02-04 20:03:16,671 [WARN] PackLoader:240 - Cannot read IP mode file for STMicroelectronics.X-CUBE-DPower.1.2.0
2026-02-04 20:03:16,676 [WARN] PackLoader:240 - Cannot read IP mode file for STMicroelectronics.X-CUBE-FREERTOS.1.3.1
2026-02-04 20:03:16,679 [WARN] PackLoader:240 - Cannot read IP mode file for STMicroelectronics.X-CUBE-FREERTOS.1.3.0
2026-02-04 20:03:16,685 [WARN] PackLoader:240 - Cannot read IP mode file for STMicroelectronics.X-CUBE-NFC7.1.0.1
2026-02-04 20:03:16,690 [WARN] PackLoader:240 - Cannot read IP mode file for STMicroelectronics.X-CUBE-TOUCHGFX.4.26.0
2026-02-04 20:03:16,693 [ERROR] Engine:466 - C:\Users\bahad\.stm32cubemx\thirdparties\pdsc\STMicroelectronics.FP-SNS-STAIOTCFT.1.0.0.pdsc: PDSC version is not supported
2026-02-04 20:03:16,697 [WARN] PackLoader:240 - Cannot read IP mode file for STMicroelectronics.X-CUBE-DPower.1.3.0
2026-02-04 20:03:16,707 [WARN] ConditionMgr:438 - getConditionDescription Invalid condition id : LAN8742 Phy interface Condition cause : null
2026-02-04 20:03:16,707 [WARN] PackLoader:240 - Cannot read IP mode file for STMicroelectronics.X-CUBE-AZRTOS-L4.2.0.0
2026-02-04 20:03:16,709 [WARN] ConditionMgr:1039 - genDependencies : Invalid condition id : LAN8742 Phy interface Condition cause : null
2026-02-04 20:03:16,709 [WARN] ConditionMgr:1039 - genDependencies : Invalid condition id : LAN8742 Phy interface Condition cause : null
2026-02-04 20:03:16,709 [WARN] ConditionMgr:1039 - genDependencies : Invalid condition id : LAN8742 Phy interface Condition cause : null
2026-02-04 20:03:16,715 [WARN] PackLoader:240 - Cannot read IP mode file for STMicroelectronics.X-CUBE-SFXS2LP1.4.0.0
2026-02-04 20:03:16,718 [ERROR] Engine:466 - C:\Users\bahad\.stm32cubemx\thirdparties\pdsc\STMicroelectronics.X-CUBE-ST67W61.1.2.0.pdsc: PDSC version is not supported
2026-02-04 20:03:16,728 [WARN] PackLoader:240 - Cannot read IP mode file for STMicroelectronics.X-CUBE-AZRTOS-H7.3.3.0
2026-02-04 20:03:16,733 [ERROR] Engine:466 - C:\Users\bahad\.stm32cubemx\thirdparties\pdsc\STMicroelectronics.X-CUBE-BLEMGR.4.1.0.pdsc: PDSC version is not supported
2026-02-04 20:03:16,740 [WARN] PackLoader:240 - Cannot read IP mode file for STMicroelectronics.X-CUBE-IPS.3.0.0
2026-02-04 20:03:16,751 [WARN] ConditionMgr:438 - getConditionDescription Invalid condition id : UX DEVICE CLASS RTOS Condition cause : null
2026-02-04 20:03:16,752 [WARN] ConditionMgr:438 - getConditionDescription Invalid condition id : UX DEVICE CLASS RTOS Condition cause : null
2026-02-04 20:03:16,753 [WARN] PackLoader:240 - Cannot read IP mode file for STMicroelectronics.X-CUBE-AZRTOS-WB.2.0.0
2026-02-04 20:03:16,753 [WARN] ConditionMgr:1039 - genDependencies : Invalid condition id : UX DEVICE CLASS RTOS Condition cause : null
2026-02-04 20:03:16,753 [WARN] ConditionMgr:1039 - genDependencies : Invalid condition id : UX DEVICE CLASS RTOS Condition cause : null
2026-02-04 20:03:16,753 [WARN] ConditionMgr:1039 - genDependencies : Invalid condition id : UX DEVICE CLASS RTOS Condition cause : null
2026-02-04 20:03:16,754 [WARN] ConditionMgr:1039 - genDependencies : Invalid condition id : UX DEVICE CLASS RTOS Condition cause : null
2026-02-04 20:03:16,754 [WARN] ConditionMgr:1039 - genDependencies : Invalid condition id : UX DEVICE CLASS RTOS Condition cause : null
2026-02-04 20:03:16,759 [WARN] PackLoader:240 - Cannot read IP mode file for STMicroelectronics.X-CUBE-GNSS1.7.0.0
2026-02-04 20:03:16,762 [WARN] PackLoader:240 - Cannot read IP mode file for STMicroelectronics.X-CUBE-GNSS1.7.0.1
2026-02-04 20:03:16,765 [WARN] PackLoader:240 - Cannot read IP mode file for STMicroelectronics.X-CUBE-TOUCHGFX.4.25.0
2026-02-04 20:03:16,770 [WARN] PackLoader:240 - Cannot read IP mode file for STMicroelectronics.FP-SNS-STBOX1.2.0.0
2026-02-04 20:03:16,779 [WARN] PackLoader:240 - Cannot read IP mode file for STMicroelectronics.X-CUBE-STSE01.2.0.0
2026-02-04 20:03:16,787 [WARN] PackLoader:240 - Cannot read IP mode file for STMicroelectronics.X-CUBE-SUBG2.5.0.0
2026-02-04 20:03:16,800 [WARN] PackLoader:240 - Cannot read IP mode file for STMicroelectronics.X-CUBE-AZRTOS-H7RS.1.1.0
2026-02-04 20:03:16,807 [WARN] PackLoader:240 - Cannot read IP mode file for Cesanta.I-CUBE-Mongoose.7.13.0
2026-02-04 20:03:16,818 [WARN] PackLoader:240 - Cannot read IP mode file for STMicroelectronics.X-CUBE-AZRTOS-G4.2.0.0
2026-02-04 20:03:16,824 [WARN] PackLoader:240 - Cannot read IP mode file for STMicroelectronics.X-CUBE-NFC7.2.0.0
2026-02-04 20:03:16,829 [ERROR] Engine:466 - C:\Users\bahad\.stm32cubemx\thirdparties\pdsc\STMicroelectronics.X-CUBE-IPS.3.1.0.pdsc: PDSC version is not supported
2026-02-04 20:03:16,832 [WARN] PackLoader:240 - Cannot read IP mode file for STMicroelectronics.X-CUBE-ALS.1.0.2
2026-02-04 20:03:16,836 [WARN] PackLoader:240 - Cannot read IP mode file for STMicroelectronics.X-CUBE-TOUCHGFX.4.24.1
2026-02-04 20:03:16,839 [WARN] PackLoader:240 - Cannot read IP mode file for STMicroelectronics.X-CUBE-STSE01.1.0.0
2026-02-04 20:03:16,844 [WARN] PackLoader:240 - Cannot read IP mode file for wolfSSL.I-CUBE-wolfTPM.3.4.0
2026-02-04 20:03:16,848 [WARN] PackLoader:240 - Cannot read IP mode file for portGmbH.I-Cube-SoM-uGOAL.1.1.0
2026-02-04 20:03:16,859 [WARN] PackLoader:240 - Cannot read IP mode file for STMicroelectronics.X-CUBE-AZRTOS-H7RS.1.0.0
2026-02-04 20:03:16,868 [WARN] PackLoader:240 - Cannot read IP mode file for STMicroelectronics.X-CUBE-TOF1.3.4.2
2026-02-04 20:03:16,877 [ERROR] Engine:466 - C:\Users\bahad\.stm32cubemx\thirdparties\pdsc\STMicroelectronics.X-CUBE-TOF1.3.4.3.pdsc: PDSC version is not supported
2026-02-04 20:03:16,882 [WARN] PackLoader:240 - Cannot read IP mode file for wolfSSL.I-CUBE-wolfSSH.1.4.17
2026-02-04 20:03:16,883 [INFO] ThirdParty:978 - Integrity check success = true
2026-02-04 20:03:16,883 [INFO] IntegrityCheckThread:100 - exiting critical section [integrity check]
2026-02-04 20:03:16,883 [INFO] IntegrityCheckThread:103 - End integrity checks thread
2026-02-04 20:05:59,619 [INFO] WebApp:189 - Connection lost
2026-02-04 20:05:59,936 [INFO] WebApp:186 - Connection restablished
2026-02-04 23:44:39,307 [ERROR] LogOutputStream:75 - [STDERR_REDIRECT] 
